================================================================================
完整4个ADS1115数据采集系统
================================================================================
采集间隔: 10秒
数据文件: data.csv
采集通道: 8个TEC芯片
  ADS1115 #1 (0x48): TEC1 (A0-A1), TEC2 (A2-A3)
  ADS1115 #2 (0x49): TEC3 (A0-A1), TEC4 (A2-A3)
  ADS1115 #3 (0x4A): TEC5 (A0-A1), TEC6 (A2-A3)
  ADS1115 #4 (0x4B): TEC7 (A0-A1), TEC8 (A2-A3)
按Ctrl+C停止采集
================================================================================
ADS1 初始化成功，地址: 0x48
ADS2 初始化成功，地址: 0x49
ADS3 初始化成功，地址: 0x4A
ADS4 初始化成功，地址: 0x4B

CSV文件已初始化: data.csv

开始采集数据...

[0001] 2025-11-12 19:30:21
  TEC1: 0.000000 V (   0.000 mV)  |  TEC2: 0.000125 V (   0.125 mV)
  TEC3: 0.000008 V (   0.008 mV)  |  TEC4: 0.000008 V (   0.008 mV)
  TEC5: -0.000008 V (  -0.008 mV)  |  TEC6: 0.000008 V (   0.008 mV)
  TEC7: -0.000008 V (  -0.008 mV)  |  TEC8: 0.000008 V (   0.008 mV)

[0002] 2025-11-12 19:30:31
  TEC1: 0.000125 V (   0.125 mV)  |  TEC2: 0.022375 V (  22.375 mV)
  TEC3: 0.000000 V (   0.000 mV)  |  TEC4: 0.000016 V (   0.016 mV)
  TEC5: 0.000000 V (   0.000 mV)  |  TEC6: 0.000000 V (   0.000 mV)
  TEC7: 0.000008 V (   0.008 mV)  |  TEC8: 0.000000 V (   0.000 mV)

[0003] 2025-11-12 19:30:41
  TEC1: 0.000125 V (   0.125 mV)  |  TEC2: 0.027625 V (  27.625 mV)
  TEC3: 0.000008 V (   0.008 mV)  |  TEC4: 0.000016 V (   0.016 mV)
  TEC5: 0.000000 V (   0.000 mV)  |  TEC6: 0.000008 V (   0.008 mV)
  TEC7: 0.000016 V (   0.016 mV)  |  TEC8: 0.000000 V (   0.000 mV)

[0004] 2025-11-12 19:30:51
  TEC1: 0.000125 V (   0.125 mV)  |  TEC2: 0.019875 V (  19.875 mV)
  TEC3: 0.000000 V (   0.000 mV)  |  TEC4: 0.000008 V (   0.008 mV)
  TEC5: 0.000008 V (   0.008 mV)  |  TEC6: 0.000000 V (   0.000 mV)
  TEC7: -0.000008 V (  -0.008 mV)  |  TEC8: 0.000000 V (   0.000 mV)

[0005] 2025-11-12 19:31:01
  TEC1: 0.000125 V (   0.125 mV)  |  TEC2: 0.016500 V (  16.500 mV)
  TEC3: 0.000000 V (   0.000 mV)  |  TEC4: 0.000016 V (   0.016 mV)
  TEC5: 0.000000 V (   0.000 mV)  |  TEC6: 0.000008 V (   0.008 mV)
  TEC7: 0.000000 V (   0.000 mV)  |  TEC8: 0.000000 V (   0.000 mV)

[0006] 2025-11-12 19:31:11
  TEC1: 0.000125 V (   0.125 mV)  |  TEC2: 0.014875 V (  14.875 mV)
  TEC3: 0.000008 V (   0.008 mV)  |  TEC4: 0.000016 V (   0.016 mV)
  TEC5: 0.000000 V (   0.000 mV)  |  TEC6: 0.000000 V (   0.000 mV)
  TEC7: 0.000008 V (   0.008 mV)  |  TEC8: 0.000000 V (   0.000 mV)

[0007] 2025-11-12 19:31:21
  TEC1: 0.000375 V (   0.375 mV)  |  TEC2: 0.013875 V (  13.875 mV)
  TEC3: 0.000008 V (   0.008 mV)  |  TEC4: 0.000000 V (   0.000 mV)
  TEC5: 0.000000 V (   0.000 mV)  |  TEC6: 0.000008 V (   0.008 mV)
  TEC7: 0.000008 V (   0.008 mV)  |  TEC8: 0.000008 V (   0.008 mV)

[0008] 2025-11-12 19:31:31
  TEC1: 0.000125 V (   0.125 mV)  |  TEC2: 0.007750 V (   7.750 mV)
  TEC3: 0.000000 V (   0.000 mV)  |  TEC4: 0.000008 V (   0.008 mV)
  TEC5: -0.000008 V (  -0.008 mV)  |  TEC6: 0.000008 V (   0.008 mV)
  TEC7: -0.000008 V (  -0.008 mV)  |  TEC8: 0.000016 V (   0.016 mV)

[0009] 2025-11-12 19:31:41
  TEC1: 0.000000 V (   0.000 mV)  |  TEC2: 0.001250 V (   1.250 mV)
  TEC3: 0.000008 V (   0.008 mV)  |  TEC4: 0.000016 V (   0.016 mV)
  TEC5: 0.000000 V (   0.000 mV)  |  TEC6: 0.000000 V (   0.000 mV)
  TEC7: 0.000000 V (   0.000 mV)  |  TEC8: 0.000000 V (   0.000 mV)

[0010] 2025-11-12 19:31:52
  TEC1: 0.000000 V (   0.000 mV)  |  TEC2: 0.000875 V (   0.875 mV)
  TEC3: 0.000000 V (   0.000 mV)  |  TEC4: 0.000008 V (   0.008 mV)
  TEC5: 0.000000 V (   0.000 mV)  |  TEC6: 0.000000 V (   0.000 mV)
  TEC7: 0.000000 V (   0.000 mV)  |  TEC8: 0.000008 V (   0.008 mV)

[0011] 2025-11-12 19:32:02
  TEC1: -0.000125 V (  -0.125 mV)  |  TEC2: 0.000500 V (   0.500 mV)
  TEC3: 0.000000 V (   0.000 mV)  |  TEC4: 0.000000 V (   0.000 mV)
  TEC5: 0.000000 V (   0.000 mV)  |  TEC6: 0.000008 V (   0.008 mV)
  TEC7: 0.000000 V (   0.000 mV)  |  TEC8: 0.000000 V (   0.000 mV)

[0012] 2025-11-12 19:32:12
  TEC1: -0.000125 V (  -0.125 mV)  |  TEC2: 0.000375 V (   0.375 mV)
  TEC3: 0.000008 V (   0.008 mV)  |  TEC4: 0.000008 V (   0.008 mV)
  TEC5: 0.000000 V (   0.000 mV)  |  TEC6: 0.000000 V (   0.000 mV)
  TEC7: 0.000008 V (   0.008 mV)  |  TEC8: 0.000016 V (   0.016 mV)

[0013] 2025-11-12 19:32:22
  TEC1: 0.000000 V (   0.000 mV)  |  TEC2: 0.000125 V (   0.125 mV)
  TEC3: 0.000008 V (   0.008 mV)  |  TEC4: 0.000008 V (   0.008 mV)
  TEC5: 0.000000 V (   0.000 mV)  |  TEC6: 0.000000 V (   0.000 mV)
  TEC7: 0.000016 V (   0.016 mV)  |  TEC8: 0.000000 V (   0.000 mV)

[0014] 2025-11-12 19:32:32
  TEC1: -0.000125 V (  -0.125 mV)  |  TEC2: -0.000125 V (  -0.125 mV)
  TEC3: 0.000000 V (   0.000 mV)  |  TEC4: 0.000008 V (   0.008 mV)
  TEC5: 0.000000 V (   0.000 mV)  |  TEC6: 0.000000 V (   0.000 mV)
  TEC7: 0.000008 V (   0.008 mV)  |  TEC8: 0.000008 V (   0.008 mV)

[0015] 2025-11-12 19:32:42
  TEC1: 0.000000 V (   0.000 mV)  |  TEC2: -0.000125 V (  -0.125 mV)
  TEC3: 0.000008 V (   0.008 mV)  |  TEC4: 0.000008 V (   0.008 mV)
  TEC5: 0.000000 V (   0.000 mV)  |  TEC6: 0.000000 V (   0.000 mV)
  TEC7: 0.000008 V (   0.008 mV)  |  TEC8: 0.000000 V (   0.000 mV)

[0016] 2025-11-12 19:32:52
  TEC1: 0.000000 V (   0.000 mV)  |  TEC2: -0.000250 V (  -0.250 mV)
  TEC3: 0.000000 V (   0.000 mV)  |  TEC4: 0.000008 V (   0.008 mV)
  TEC5: 0.000008 V (   0.008 mV)  |  TEC6: 0.000000 V (   0.000 mV)
  TEC7: 0.000008 V (   0.008 mV)  |  TEC8: 0.000000 V (   0.000 mV)

[0017] 2025-11-12 19:33:02
  TEC1: -0.000250 V (  -0.250 mV)  |  TEC2: -0.000250 V (  -0.250 mV)
  TEC3: 0.000008 V (   0.008 mV)  |  TEC4: 0.000016 V (   0.016 mV)
  TEC5: 0.000008 V (   0.008 mV)  |  TEC6: 0.000000 V (   0.000 mV)
  TEC7: 0.000000 V (   0.000 mV)  |  TEC8: 0.000008 V (   0.008 mV)

[0018] 2025-11-12 19:33:12
  TEC1: -0.000250 V (  -0.250 mV)  |  TEC2: -0.000125 V (  -0.125 mV)
  TEC3: 0.000000 V (   0.000 mV)  |  TEC4: 0.000008 V (   0.008 mV)
  TEC5: 0.000008 V (   0.008 mV)  |  TEC6: 0.000008 V (   0.008 mV)
  TEC7: 0.000008 V (   0.008 mV)  |  TEC8: 0.000000 V (   0.000 mV)

[0019] 2025-11-12 19:33:22
  TEC1: -0.000250 V (  -0.250 mV)  |  TEC2: -0.000375 V (  -0.375 mV)
  TEC3: 0.000008 V (   0.008 mV)  |  TEC4: 0.000008 V (   0.008 mV)
  TEC5: 0.000000 V (   0.000 mV)  |  TEC6: 0.000008 V (   0.008 mV)
  TEC7: 0.000016 V (   0.016 mV)  |  TEC8: 0.000008 V (   0.008 mV)

[0020] 2025-11-12 19:33:32
  TEC1: -0.000125 V (  -0.125 mV)  |  TEC2: -0.000250 V (  -0.250 mV)
  TEC3: 0.000000 V (   0.000 mV)  |  TEC4: 0.000016 V (   0.016 mV)
  TEC5: 0.000000 V (   0.000 mV)  |  TEC6: 0.000000 V (   0.000 mV)
  TEC7: 0.000008 V (   0.008 mV)  |  TEC8: 0.000008 V (   0.008 mV)

[0021] 2025-11-12 19:33:42
  TEC1: -0.000125 V (  -0.125 mV)  |  TEC2: -0.000250 V (  -0.250 mV)
  TEC3: 0.000000 V (   0.000 mV)  |  TEC4: 0.000008 V (   0.008 mV)
  TEC5: 0.000000 V (   0.000 mV)  |  TEC6: 0.000008 V (   0.008 mV)
  TEC7: 0.000000 V (   0.000 mV)  |  TEC8: 0.000008 V (   0.008 mV)

[0022] 2025-11-12 19:33:52
  TEC1: -0.000125 V (  -0.125 mV)  |  TEC2: -0.000250 V (  -0.250 mV)
  TEC3: 0.000000 V (   0.000 mV)  |  TEC4: 0.000008 V (   0.008 mV)
  TEC5: 0.000016 V (   0.016 mV)  |  TEC6: 0.000008 V (   0.008 mV)
  TEC7: 0.000008 V (   0.008 mV)  |  TEC8: 0.000000 V (   0.000 mV)

[0023] 2025-11-12 19:34:03
  TEC1: -0.000125 V (  -0.125 mV)  |  TEC2: -0.000250 V (  -0.250 mV)
  TEC3: 0.000000 V (   0.000 mV)  |  TEC4: 0.000008 V (   0.008 mV)
  TEC5: 0.000000 V (   0.000 mV)  |  TEC6: 0.000008 V (   0.008 mV)
  TEC7: 0.000000 V (   0.000 mV)  |  TEC8: 0.000008 V (   0.008 mV)

[0024] 2025-11-12 19:34:13
  TEC1: 0.000000 V (   0.000 mV)  |  TEC2: -0.000250 V (  -0.250 mV)
  TEC3: 0.000000 V (   0.000 mV)  |  TEC4: 0.000008 V (   0.008 mV)
  TEC5: 0.000008 V (   0.008 mV)  |  TEC6: 0.000008 V (   0.008 mV)
  TEC7: 0.000008 V (   0.008 mV)  |  TEC8: 0.000008 V (   0.008 mV)

[0025] 2025-11-12 19:34:23
  TEC1: 0.000250 V (   0.250 mV)  |  TEC2: -0.000500 V (  -0.500 mV)
  TEC3: 0.000008 V (   0.008 mV)  |  TEC4: 0.000008 V (   0.008 mV)
  TEC5: 0.000000 V (   0.000 mV)  |  TEC6: 0.000000 V (   0.000 mV)
  TEC7: 0.000008 V (   0.008 mV)  |  TEC8: 0.000008 V (   0.008 mV)

[0026] 2025-11-12 19:34:33
  TEC1: 0.000125 V (   0.125 mV)  |  TEC2: -0.000625 V (  -0.625 mV)
  TEC3: 0.000000 V (   0.000 mV)  |  TEC4: 0.000008 V (   0.008 mV)
  TEC5: 0.000000 V (   0.000 mV)  |  TEC6: 0.000008 V (   0.008 mV)
  TEC7: 0.000000 V (   0.000 mV)  |  TEC8: 0.000000 V (   0.000 mV)

[0027] 2025-11-12 19:34:43
  TEC1: 0.000000 V (   0.000 mV)  |  TEC2: -0.000375 V (  -0.375 mV)
  TEC3: 0.000000 V (   0.000 mV)  |  TEC4: 0.000008 V (   0.008 mV)
  TEC5: 0.000016 V (   0.016 mV)  |  TEC6: 0.000008 V (   0.008 mV)
  TEC7: 0.000008 V (   0.008 mV)  |  TEC8: 0.000008 V (   0.008 mV)

[0028] 2025-11-12 19:34:53
  TEC1: 0.000000 V (   0.000 mV)  |  TEC2: -0.000250 V (  -0.250 mV)
  TEC3: 0.000000 V (   0.000 mV)  |  TEC4: 0.000016 V (   0.016 mV)
  TEC5: 0.000000 V (   0.000 mV)  |  TEC6: 0.000008 V (   0.008 mV)
  TEC7: 0.000000 V (   0.000 mV)  |  TEC8: 0.000000 V (   0.000 mV)

[0029] 2025-11-12 19:35:03
  TEC1: 0.000000 V (   0.000 mV)  |  TEC2: -0.000250 V (  -0.250 mV)
  TEC3: 0.000008 V (   0.008 mV)  |  TEC4: 0.000000 V (   0.000 mV)
  TEC5: -0.000008 V (  -0.008 mV)  |  TEC6: 0.000000 V (   0.000 mV)
  TEC7: -0.000008 V (  -0.008 mV)  |  TEC8: 0.000016 V (   0.016 mV)

[0030] 2025-11-12 19:35:13
  TEC1: 0.000250 V (   0.250 mV)  |  TEC2: -0.000250 V (  -0.250 mV)
  TEC3: 0.000000 V (   0.000 mV)  |  TEC4: 0.000008 V (   0.008 mV)
  TEC5: 0.000000 V (   0.000 mV)  |  TEC6: 0.000008 V (   0.008 mV)
  TEC7: 0.000000 V (   0.000 mV)  |  TEC8: 0.000000 V (   0.000 mV)

[0031] 2025-11-12 19:35:23
  TEC1: 0.000125 V (   0.125 mV)  |  TEC2: -0.000375 V (  -0.375 mV)
  TEC3: 0.000000 V (   0.000 mV)  |  TEC4: 0.000008 V (   0.008 mV)
  TEC5: 0.000000 V (   0.000 mV)  |  TEC6: 0.000008 V (   0.008 mV)
  TEC7: 0.000008 V (   0.008 mV)  |  TEC8: 0.000008 V (   0.008 mV)

[0032] 2025-11-12 19:35:33
  TEC1: 0.000125 V (   0.125 mV)  |  TEC2: -0.000375 V (  -0.375 mV)
  TEC3: 0.000008 V (   0.008 mV)  |  TEC4: 0.000016 V (   0.016 mV)
  TEC5: 0.000000 V (   0.000 mV)  |  TEC6: 0.000008 V (   0.008 mV)
  TEC7: 0.000000 V (   0.000 mV)  |  TEC8: 0.000008 V (   0.008 mV)

[0033] 2025-11-12 19:35:43
  TEC1: 0.000000 V (   0.000 mV)  |  TEC2: -0.000250 V (  -0.250 mV)
  TEC3: -0.000008 V (  -0.008 mV)  |  TEC4: 0.000016 V (   0.016 mV)
  TEC5: 0.000008 V (   0.008 mV)  |  TEC6: 0.000008 V (   0.008 mV)
  TEC7: 0.000008 V (   0.008 mV)  |  TEC8: 0.000008 V (   0.008 mV)

[0034] 2025-11-12 19:35:53
  TEC1: 0.000125 V (   0.125 mV)  |  TEC2: -0.000375 V (  -0.375 mV)
  TEC3: 0.000000 V (   0.000 mV)  |  TEC4: 0.000008 V (   0.008 mV)
  TEC5: 0.000000 V (   0.000 mV)  |  TEC6: 0.000000 V (   0.000 mV)
  TEC7: 0.000008 V (   0.008 mV)  |  TEC8: 0.000008 V (   0.008 mV)

[0035] 2025-11-12 19:36:03
  TEC1: 0.000000 V (   0.000 mV)  |  TEC2: -0.000250 V (  -0.250 mV)
  TEC3: 0.000008 V (   0.008 mV)  |  TEC4: 0.000000 V (   0.000 mV)
  TEC5: 0.000000 V (   0.000 mV)  |  TEC6: 0.000000 V (   0.000 mV)
  TEC7: 0.000008 V (   0.008 mV)  |  TEC8: 0.000016 V (   0.016 mV)

[0036] 2025-11-12 19:36:14
  TEC1: 0.000000 V (   0.000 mV)  |  TEC2: -0.000250 V (  -0.250 mV)
  TEC3: 0.000008 V (   0.008 mV)  |  TEC4: 0.000008 V (   0.008 mV)
  TEC5: 0.000008 V (   0.008 mV)  |  TEC6: 0.000000 V (   0.000 mV)
  TEC7: 0.000008 V (   0.008 mV)  |  TEC8: 0.000000 V (   0.000 mV)

[0037] 2025-11-12 19:36:24
  TEC1: 0.000000 V (   0.000 mV)  |  TEC2: -0.000250 V (  -0.250 mV)
  TEC3: 0.000000 V (   0.000 mV)  |  TEC4: 0.000008 V (   0.008 mV)
  TEC5: 0.000016 V (   0.016 mV)  |  TEC6: 0.000000 V (   0.000 mV)
  TEC7: 0.000016 V (   0.016 mV)  |  TEC8: 0.000008 V (   0.008 mV)

[0038] 2025-11-12 19:36:34
  TEC1: 0.000125 V (   0.125 mV)  |  TEC2: -0.000250 V (  -0.250 mV)
  TEC3: 0.000000 V (   0.000 mV)  |  TEC4: 0.000000 V (   0.000 mV)
  TEC5: 0.000008 V (   0.008 mV)  |  TEC6: 0.000008 V (   0.008 mV)
  TEC7: 0.000008 V (   0.008 mV)  |  TEC8: 0.000000 V (   0.000 mV)

[0039] 2025-11-12 19:36:44
  TEC1: 0.000000 V (   0.000 mV)  |  TEC2: -0.000250 V (  -0.250 mV)
  TEC3: 0.000000 V (   0.000 mV)  |  TEC4: 0.000008 V (   0.008 mV)
  TEC5: 0.000000 V (   0.000 mV)  |  TEC6: 0.000008 V (   0.008 mV)
  TEC7: 0.000000 V (   0.000 mV)  |  TEC8: 0.000008 V (   0.008 mV)

[0040] 2025-11-12 19:36:54
  TEC1: 0.000125 V (   0.125 mV)  |  TEC2: -0.000375 V (  -0.375 mV)
  TEC3: 0.000000 V (   0.000 mV)  |  TEC4: 0.000008 V (   0.008 mV)
  TEC5: 0.000008 V (   0.008 mV)  |  TEC6: 0.000008 V (   0.008 mV)
  TEC7: 0.000016 V (   0.016 mV)  |  TEC8: 0.000008 V (   0.008 mV)

[0041] 2025-11-12 19:37:04
  TEC1: 0.000000 V (   0.000 mV)  |  TEC2: -0.000375 V (  -0.375 mV)
  TEC3: 0.000008 V (   0.008 mV)  |  TEC4: 0.000008 V (   0.008 mV)
  TEC5: 0.000008 V (   0.008 mV)  |  TEC6: 0.000008 V (   0.008 mV)
  TEC7: 0.000016 V (   0.016 mV)  |  TEC8: 0.000000 V (   0.000 mV)

[0042] 2025-11-12 19:37:14
  TEC1: 0.000125 V (   0.125 mV)  |  TEC2: -0.000375 V (  -0.375 mV)
  TEC3: 0.000008 V (   0.008 mV)  |  TEC4: 0.000008 V (   0.008 mV)
  TEC5: 0.000008 V (   0.008 mV)  |  TEC6: 0.000008 V (   0.008 mV)
  TEC7: 0.000008 V (   0.008 mV)  |  TEC8: 0.000008 V (   0.008 mV)

[0043] 2025-11-12 19:37:24
  TEC1: 0.000125 V (   0.125 mV)  |  TEC2: -0.000375 V (  -0.375 mV)
  TEC3: 0.000008 V (   0.008 mV)  |  TEC4: 0.000008 V (   0.008 mV)
  TEC5: -0.000008 V (  -0.008 mV)  |  TEC6: 0.000008 V (   0.008 mV)
  TEC7: 0.000016 V (   0.016 mV)  |  TEC8: 0.000008 V (   0.008 mV)

[0044] 2025-11-12 19:37:34
  TEC1: 0.000000 V (   0.000 mV)  |  TEC2: -0.000375 V (  -0.375 mV)
  TEC3: 0.000000 V (   0.000 mV)  |  TEC4: 0.000008 V (   0.008 mV)
  TEC5: 0.000000 V (   0.000 mV)  |  TEC6: 0.000008 V (   0.008 mV)
  TEC7: 0.000000 V (   0.000 mV)  |  TEC8: 0.000008 V (   0.008 mV)

[0045] 2025-11-12 19:37:44
  TEC1: 0.000125 V (   0.125 mV)  |  TEC2: -0.000375 V (  -0.375 mV)
  TEC3: 0.000008 V (   0.008 mV)  |  TEC4: 0.000016 V (   0.016 mV)
  TEC5: 0.000000 V (   0.000 mV)  |  TEC6: 0.000008 V (   0.008 mV)
  TEC7: 0.000000 V (   0.000 mV)  |  TEC8: 0.000008 V (   0.008 mV)

[0046] 2025-11-12 19:37:54
  TEC1: 0.000250 V (   0.250 mV)  |  TEC2: -0.000375 V (  -0.375 mV)
  TEC3: 0.000000 V (   0.000 mV)  |  TEC4: 0.000008 V (   0.008 mV)
  TEC5: 0.000008 V (   0.008 mV)  |  TEC6: 0.000008 V (   0.008 mV)
  TEC7: 0.000000 V (   0.000 mV)  |  TEC8: 0.000008 V (   0.008 mV)

[0047] 2025-11-12 19:38:04
  TEC1: 0.000125 V (   0.125 mV)  |  TEC2: -0.000250 V (  -0.250 mV)
  TEC3: 0.000008 V (   0.008 mV)  |  TEC4: 0.000008 V (   0.008 mV)
  TEC5: 0.000016 V (   0.016 mV)  |  TEC6: 0.000008 V (   0.008 mV)
  TEC7: 0.000008 V (   0.008 mV)  |  TEC8: 0.000008 V (   0.008 mV)

[0048] 2025-11-12 19:38:14
  TEC1: 0.000125 V (   0.125 mV)  |  TEC2: -0.000250 V (  -0.250 mV)
  TEC3: 0.000000 V (   0.000 mV)  |  TEC4: 0.000008 V (   0.008 mV)
  TEC5: 0.000000 V (   0.000 mV)  |  TEC6: 0.000000 V (   0.000 mV)
  TEC7: 0.000008 V (   0.008 mV)  |  TEC8: 0.000008 V (   0.008 mV)

[0049] 2025-11-12 19:38:25
  TEC1: 0.000125 V (   0.125 mV)  |  TEC2: -0.000250 V (  -0.250 mV)
  TEC3: 0.000008 V (   0.008 mV)  |  TEC4: 0.000000 V (   0.000 mV)
  TEC5: 0.000000 V (   0.000 mV)  |  TEC6: 0.000000 V (   0.000 mV)
  TEC7: 0.000000 V (   0.000 mV)  |  TEC8: 0.000000 V (   0.000 mV)

[0050] 2025-11-12 19:38:35
  TEC1: 0.000000 V (   0.000 mV)  |  TEC2: -0.000250 V (  -0.250 mV)
  TEC3: 0.000000 V (   0.000 mV)  |  TEC4: 0.000016 V (   0.016 mV)
  TEC5: 0.000000 V (   0.000 mV)  |  TEC6: 0.000000 V (   0.000 mV)
  TEC7: 0.000000 V (   0.000 mV)  |  TEC8: 0.000008 V (   0.008 mV)

[0051] 2025-11-12 19:38:45
  TEC1: 0.000125 V (   0.125 mV)  |  TEC2: -0.000250 V (  -0.250 mV)
  TEC3: 0.000000 V (   0.000 mV)  |  TEC4: 0.000008 V (   0.008 mV)
  TEC5: 0.000000 V (   0.000 mV)  |  TEC6: 0.000000 V (   0.000 mV)
  TEC7: 0.000008 V (   0.008 mV)  |  TEC8: 0.000000 V (   0.000 mV)

[0052] 2025-11-12 19:38:55
  TEC1: 0.000000 V (   0.000 mV)  |  TEC2: -0.000375 V (  -0.375 mV)
  TEC3: 0.000000 V (   0.000 mV)  |  TEC4: 0.000008 V (   0.008 mV)
  TEC5: 0.000008 V (   0.008 mV)  |  TEC6: 0.000008 V (   0.008 mV)
  TEC7: 0.000008 V (   0.008 mV)  |  TEC8: 0.000008 V (   0.008 mV)

[0053] 2025-11-12 19:39:05
  TEC1: 0.000125 V (   0.125 mV)  |  TEC2: -0.000125 V (  -0.125 mV)
  TEC3: 0.000008 V (   0.008 mV)  |  TEC4: 0.000008 V (   0.008 mV)
  TEC5: 0.000000 V (   0.000 mV)  |  TEC6: 0.000000 V (   0.000 mV)
  TEC7: -0.000008 V (  -0.008 mV)  |  TEC8: 0.000000 V (   0.000 mV)

[0054] 2025-11-12 19:39:15
  TEC1: 0.000125 V (   0.125 mV)  |  TEC2: -0.000125 V (  -0.125 mV)
  TEC3: 0.000000 V (   0.000 mV)  |  TEC4: 0.000016 V (   0.016 mV)
  TEC5: -0.000008 V (  -0.008 mV)  |  TEC6: 0.000008 V (   0.008 mV)
  TEC7: 0.000008 V (   0.008 mV)  |  TEC8: 0.000000 V (   0.000 mV)

[0055] 2025-11-12 19:39:25
  TEC1: 0.000125 V (   0.125 mV)  |  TEC2: -0.000125 V (  -0.125 mV)
  TEC3: 0.000000 V (   0.000 mV)  |  TEC4: 0.000008 V (   0.008 mV)
  TEC5: 0.000008 V (   0.008 mV)  |  TEC6: 0.000008 V (   0.008 mV)
  TEC7: -0.000008 V (  -0.008 mV)  |  TEC8: 0.000000 V (   0.000 mV)

[0056] 2025-11-12 19:39:35
  TEC1: 0.000000 V (   0.000 mV)  |  TEC2: -0.000250 V (  -0.250 mV)
  TEC3: 0.000008 V (   0.008 mV)  |  TEC4: 0.000008 V (   0.008 mV)
  TEC5: 0.000008 V (   0.008 mV)  |  TEC6: 0.000008 V (   0.008 mV)
  TEC7: 0.000016 V (   0.016 mV)  |  TEC8: 0.000000 V (   0.000 mV)

[0057] 2025-11-12 19:39:45
  TEC1: 0.000000 V (   0.000 mV)  |  TEC2: -0.000250 V (  -0.250 mV)
  TEC3: 0.000008 V (   0.008 mV)  |  TEC4: 0.000000 V (   0.000 mV)
  TEC5: 0.000000 V (   0.000 mV)  |  TEC6: 0.000008 V (   0.008 mV)
  TEC7: 0.000016 V (   0.016 mV)  |  TEC8: 0.000008 V (   0.008 mV)

[0058] 2025-11-12 19:39:55
  TEC1: 0.000000 V (   0.000 mV)  |  TEC2: -0.000125 V (  -0.125 mV)
  TEC3: 0.000000 V (   0.000 mV)  |  TEC4: 0.000008 V (   0.008 mV)
  TEC5: 0.000000 V (   0.000 mV)  |  TEC6: 0.000000 V (   0.000 mV)
  TEC7: 0.000000 V (   0.000 mV)  |  TEC8: 0.000000 V (   0.000 mV)

[0059] 2025-11-12 19:40:05
  TEC1: 0.000000 V (   0.000 mV)  |  TEC2: -0.000125 V (  -0.125 mV)
  TEC3: 0.000000 V (   0.000 mV)  |  TEC4: 0.000008 V (   0.008 mV)
  TEC5: 0.000008 V (   0.008 mV)  |  TEC6: 0.000008 V (   0.008 mV)
  TEC7: 0.000000 V (   0.000 mV)  |  TEC8: 0.000000 V (   0.000 mV)

[0060] 2025-11-12 19:40:15
  TEC1: -0.000125 V (  -0.125 mV)  |  TEC2: -0.000125 V (  -0.125 mV)
  TEC3: 0.000008 V (   0.008 mV)  |  TEC4: 0.000008 V (   0.008 mV)
  TEC5: 0.000008 V (   0.008 mV)  |  TEC6: 0.000000 V (   0.000 mV)
  TEC7: 0.000016 V (   0.016 mV)  |  TEC8: 0.000008 V (   0.008 mV)

[0061] 2025-11-12 19:40:25
  TEC1: 0.000000 V (   0.000 mV)  |  TEC2: -0.000125 V (  -0.125 mV)
  TEC3: 0.000008 V (   0.008 mV)  |  TEC4: 0.000008 V (   0.008 mV)
  TEC5: 0.000000 V (   0.000 mV)  |  TEC6: 0.000000 V (   0.000 mV)
  TEC7: 0.000000 V (   0.000 mV)  |  TEC8: 0.000016 V (   0.016 mV)

[0062] 2025-11-12 19:40:36
  TEC1: 0.000125 V (   0.125 mV)  |  TEC2: -0.000125 V (  -0.125 mV)
  TEC3: 0.000008 V (   0.008 mV)  |  TEC4: 0.000016 V (   0.016 mV)
  TEC5: 0.000008 V (   0.008 mV)  |  TEC6: 0.000008 V (   0.008 mV)
  TEC7: 0.000008 V (   0.008 mV)  |  TEC8: 0.000000 V (   0.000 mV)

[0063] 2025-11-12 19:40:46
  TEC1: 0.000375 V (   0.375 mV)  |  TEC2: -0.000125 V (  -0.125 mV)
  TEC3: 0.000000 V (   0.000 mV)  |  TEC4: 0.000016 V (   0.016 mV)
  TEC5: 0.000016 V (   0.016 mV)  |  TEC6: 0.000000 V (   0.000 mV)
  TEC7: 0.000008 V (   0.008 mV)  |  TEC8: 0.000000 V (   0.000 mV)

[0064] 2025-11-12 19:40:56
  TEC1: 0.000250 V (   0.250 mV)  |  TEC2: -0.000125 V (  -0.125 mV)
  TEC3: 0.000000 V (   0.000 mV)  |  TEC4: 0.000008 V (   0.008 mV)
  TEC5: 0.000000 V (   0.000 mV)  |  TEC6: 0.000000 V (   0.000 mV)
  TEC7: 0.000000 V (   0.000 mV)  |  TEC8: 0.000008 V (   0.008 mV)

[0065] 2025-11-12 19:41:06
  TEC1: 0.000125 V (   0.125 mV)  |  TEC2: 0.000000 V (   0.000 mV)
  TEC3: 0.000008 V (   0.008 mV)  |  TEC4: 0.000008 V (   0.008 mV)
  TEC5: 0.000000 V (   0.000 mV)  |  TEC6: 0.000000 V (   0.000 mV)
  TEC7: 0.000008 V (   0.008 mV)  |  TEC8: 0.000000 V (   0.000 mV)

[0066] 2025-11-12 19:41:16
  TEC1: 0.000125 V (   0.125 mV)  |  TEC2: -0.000125 V (  -0.125 mV)
  TEC3: 0.000008 V (   0.008 mV)  |  TEC4: 0.000008 V (   0.008 mV)
  TEC5: 0.000000 V (   0.000 mV)  |  TEC6: 0.000000 V (   0.000 mV)
  TEC7: 0.000008 V (   0.008 mV)  |  TEC8: 0.000008 V (   0.008 mV)

[0067] 2025-11-12 19:41:26
  TEC1: 0.000125 V (   0.125 mV)  |  TEC2: 0.000000 V (   0.000 mV)
  TEC3: 0.000000 V (   0.000 mV)  |  TEC4: 0.000008 V (   0.008 mV)
  TEC5: 0.000000 V (   0.000 mV)  |  TEC6: 0.000008 V (   0.008 mV)
  TEC7: 0.000016 V (   0.016 mV)  |  TEC8: 0.000008 V (   0.008 mV)

[0068] 2025-11-12 19:41:36
  TEC1: 0.000125 V (   0.125 mV)  |  TEC2: 0.000000 V (   0.000 mV)
  TEC3: 0.000000 V (   0.000 mV)  |  TEC4: 0.000008 V (   0.008 mV)
  TEC5: 0.000000 V (   0.000 mV)  |  TEC6: 0.000008 V (   0.008 mV)
  TEC7: 0.000000 V (   0.000 mV)  |  TEC8: 0.000000 V (   0.000 mV)

[0069] 2025-11-12 19:41:46
  TEC1: 0.000125 V (   0.125 mV)  |  TEC2: 0.000000 V (   0.000 mV)
  TEC3: 0.000000 V (   0.000 mV)  |  TEC4: 0.000008 V (   0.008 mV)
  TEC5: 0.000000 V (   0.000 mV)  |  TEC6: 0.000008 V (   0.008 mV)
  TEC7: 0.000008 V (   0.008 mV)  |  TEC8: 0.000000 V (   0.000 mV)

[0070] 2025-11-12 19:41:56
  TEC1: 0.000250 V (   0.250 mV)  |  TEC2: 0.000000 V (   0.000 mV)
  TEC3: 0.000000 V (   0.000 mV)  |  TEC4: 0.000008 V (   0.008 mV)
  TEC5: 0.000008 V (   0.008 mV)  |  TEC6: 0.000008 V (   0.008 mV)
  TEC7: 0.000000 V (   0.000 mV)  |  TEC8: 0.000016 V (   0.016 mV)

[0071] 2025-11-12 19:42:06
  TEC1: 0.000125 V (   0.125 mV)  |  TEC2: -0.000125 V (  -0.125 mV)
  TEC3: 0.000000 V (   0.000 mV)  |  TEC4: 0.000008 V (   0.008 mV)
  TEC5: 0.000000 V (   0.000 mV)  |  TEC6: 0.000000 V (   0.000 mV)
  TEC7: 0.000000 V (   0.000 mV)  |  TEC8: 0.000008 V (   0.008 mV)

[0072] 2025-11-12 19:42:16
  TEC1: 0.000250 V (   0.250 mV)  |  TEC2: -0.000125 V (  -0.125 mV)
  TEC3: 0.000008 V (   0.008 mV)  |  TEC4: 0.000008 V (   0.008 mV)
  TEC5: 0.000000 V (   0.000 mV)  |  TEC6: 0.000000 V (   0.000 mV)
  TEC7: 0.000000 V (   0.000 mV)  |  TEC8: 0.000008 V (   0.008 mV)

[0073] 2025-11-12 19:42:26
  TEC1: 0.000125 V (   0.125 mV)  |  TEC2: 0.000000 V (   0.000 mV)
  TEC3: 0.000000 V (   0.000 mV)  |  TEC4: 0.000008 V (   0.008 mV)
  TEC5: 0.000000 V (   0.000 mV)  |  TEC6: 0.000000 V (   0.000 mV)
  TEC7: 0.000016 V (   0.016 mV)  |  TEC8: 0.000008 V (   0.008 mV)

[0074] 2025-11-12 19:42:37
  TEC1: 0.000125 V (   0.125 mV)  |  TEC2: 0.000000 V (   0.000 mV)
  TEC3: 0.000000 V (   0.000 mV)  |  TEC4: 0.000008 V (   0.008 mV)
  TEC5: 0.000008 V (   0.008 mV)  |  TEC6: 0.000000 V (   0.000 mV)
  TEC7: 0.000000 V (   0.000 mV)  |  TEC8: 0.000008 V (   0.008 mV)

[0075] 2025-11-12 19:42:47
  TEC1: 0.000125 V (   0.125 mV)  |  TEC2: 0.000000 V (   0.000 mV)
  TEC3: 0.000008 V (   0.008 mV)  |  TEC4: 0.000008 V (   0.008 mV)
  TEC5: 0.000008 V (   0.008 mV)  |  TEC6: 0.000008 V (   0.008 mV)
  TEC7: 0.000000 V (   0.000 mV)  |  TEC8: 0.000000 V (   0.000 mV)

[0076] 2025-11-12 19:42:57
  TEC1: 0.000125 V (   0.125 mV)  |  TEC2: 0.000000 V (   0.000 mV)
  TEC3: 0.000016 V (   0.016 mV)  |  TEC4: 0.000008 V (   0.008 mV)
  TEC5: 0.000008 V (   0.008 mV)  |  TEC6: 0.000008 V (   0.008 mV)
  TEC7: 0.000000 V (   0.000 mV)  |  TEC8: 0.000000 V (   0.000 mV)

[0077] 2025-11-12 19:43:07
  TEC1: 0.000125 V (   0.125 mV)  |  TEC2: 0.000000 V (   0.000 mV)
  TEC3: 0.000008 V (   0.008 mV)  |  TEC4: 0.000008 V (   0.008 mV)
  TEC5: 0.000016 V (   0.016 mV)  |  TEC6: 0.000000 V (   0.000 mV)
  TEC7: 0.000000 V (   0.000 mV)  |  TEC8: 0.000000 V (   0.000 mV)

[0078] 2025-11-12 19:43:17
  TEC1: 0.000125 V (   0.125 mV)  |  TEC2: 0.000000 V (   0.000 mV)
  TEC3: 0.000008 V (   0.008 mV)  |  TEC4: 0.000016 V (   0.016 mV)
  TEC5: 0.000000 V (   0.000 mV)  |  TEC6: 0.000008 V (   0.008 mV)
  TEC7: 0.000008 V (   0.008 mV)  |  TEC8: 0.000008 V (   0.008 mV)

[0079] 2025-11-12 19:43:27
  TEC1: 0.000000 V (   0.000 mV)  |  TEC2: 0.000000 V (   0.000 mV)
  TEC3: 0.000008 V (   0.008 mV)  |  TEC4: 0.000008 V (   0.008 mV)
  TEC5: 0.000000 V (   0.000 mV)  |  TEC6: 0.000000 V (   0.000 mV)
  TEC7: 0.000000 V (   0.000 mV)  |  TEC8: 0.000008 V (   0.008 mV)

[0080] 2025-11-12 19:43:37
  TEC1: 0.000000 V (   0.000 mV)  |  TEC2: -0.000125 V (  -0.125 mV)
  TEC3: 0.000000 V (   0.000 mV)  |  TEC4: 0.000008 V (   0.008 mV)
  TEC5: 0.000008 V (   0.008 mV)  |  TEC6: 0.000000 V (   0.000 mV)
  TEC7: 0.000008 V (   0.008 mV)  |  TEC8: 0.000008 V (   0.008 mV)

[0081] 2025-11-12 19:43:47
  TEC1: 0.000000 V (   0.000 mV)  |  TEC2: -0.000125 V (  -0.125 mV)
  TEC3: 0.000000 V (   0.000 mV)  |  TEC4: 0.000008 V (   0.008 mV)
  TEC5: 0.000016 V (   0.016 mV)  |  TEC6: 0.000008 V (   0.008 mV)
  TEC7: 0.000008 V (   0.008 mV)  |  TEC8: 0.000008 V (   0.008 mV)

[0082] 2025-11-12 19:43:57
  TEC1: 0.000000 V (   0.000 mV)  |  TEC2: -0.000125 V (  -0.125 mV)
  TEC3: 0.000008 V (   0.008 mV)  |  TEC4: 0.000008 V (   0.008 mV)
  TEC5: 0.000000 V (   0.000 mV)  |  TEC6: 0.000000 V (   0.000 mV)
  TEC7: 0.000000 V (   0.000 mV)  |  TEC8: 0.000008 V (   0.008 mV)

[0083] 2025-11-12 19:44:07
  TEC1: 0.000125 V (   0.125 mV)  |  TEC2: 0.000000 V (   0.000 mV)
  TEC3: 0.000008 V (   0.008 mV)  |  TEC4: 0.000008 V (   0.008 mV)
  TEC5: 0.000008 V (   0.008 mV)  |  TEC6: 0.000008 V (   0.008 mV)
  TEC7: 0.000008 V (   0.008 mV)  |  TEC8: 0.000016 V (   0.016 mV)

[0084] 2025-11-12 19:44:17
  TEC1: 0.000125 V (   0.125 mV)  |  TEC2: -0.000125 V (  -0.125 mV)
  TEC3: 0.000008 V (   0.008 mV)  |  TEC4: 0.000008 V (   0.008 mV)
  TEC5: 0.000000 V (   0.000 mV)  |  TEC6: 0.000000 V (   0.000 mV)
  TEC7: 0.000000 V (   0.000 mV)  |  TEC8: 0.000000 V (   0.000 mV)

[0085] 2025-11-12 19:44:27
  TEC1: 0.000125 V (   0.125 mV)  |  TEC2: -0.000125 V (  -0.125 mV)
  TEC3: 0.000016 V (   0.016 mV)  |  TEC4: 0.000016 V (   0.016 mV)
  TEC5: 0.000000 V (   0.000 mV)  |  TEC6: 0.000008 V (   0.008 mV)
  TEC7: 0.000000 V (   0.000 mV)  |  TEC8: 0.000008 V (   0.008 mV)

[0086] 2025-11-12 19:44:37
  TEC1: 0.000000 V (   0.000 mV)  |  TEC2: -0.000125 V (  -0.125 mV)
  TEC3: 0.000000 V (   0.000 mV)  |  TEC4: 0.000008 V (   0.008 mV)
  TEC5: 0.000000 V (   0.000 mV)  |  TEC6: 0.000000 V (   0.000 mV)
  TEC7: 0.000008 V (   0.008 mV)  |  TEC8: 0.000000 V (   0.000 mV)

[0087] 2025-11-12 19:44:48
  TEC1: 0.000000 V (   0.000 mV)  |  TEC2: 0.000000 V (   0.000 mV)
  TEC3: 0.000008 V (   0.008 mV)  |  TEC4: 0.000008 V (   0.008 mV)
  TEC5: 0.000000 V (   0.000 mV)  |  TEC6: 0.000000 V (   0.000 mV)
  TEC7: 0.000008 V (   0.008 mV)  |  TEC8: 0.000008 V (   0.008 mV)

[0088] 2025-11-12 19:44:58
  TEC1: 0.000000 V (   0.000 mV)  |  TEC2: 0.000000 V (   0.000 mV)
  TEC3: 0.000008 V (   0.008 mV)  |  TEC4: 0.000008 V (   0.008 mV)
  TEC5: 0.000008 V (   0.008 mV)  |  TEC6: 0.000008 V (   0.008 mV)
  TEC7: 0.000000 V (   0.000 mV)  |  TEC8: 0.000000 V (   0.000 mV)

[0089] 2025-11-12 19:45:08
  TEC1: 0.000000 V (   0.000 mV)  |  TEC2: 0.000000 V (   0.000 mV)
  TEC3: 0.000008 V (   0.008 mV)  |  TEC4: 0.000008 V (   0.008 mV)
  TEC5: 0.000000 V (   0.000 mV)  |  TEC6: 0.000000 V (   0.000 mV)
  TEC7: 0.000008 V (   0.008 mV)  |  TEC8: 0.000008 V (   0.008 mV)

[0090] 2025-11-12 19:45:18
  TEC1: 0.000000 V (   0.000 mV)  |  TEC2: 0.000000 V (   0.000 mV)
  TEC3: 0.000016 V (   0.016 mV)  |  TEC4: 0.000000 V (   0.000 mV)
  TEC5: 0.000000 V (   0.000 mV)  |  TEC6: 0.000000 V (   0.000 mV)
  TEC7: 0.000000 V (   0.000 mV)  |  TEC8: 0.000008 V (   0.008 mV)

[0091] 2025-11-12 19:45:28
  TEC1: -0.000125 V (  -0.125 mV)  |  TEC2: -0.000125 V (  -0.125 mV)
  TEC3: 0.000000 V (   0.000 mV)  |  TEC4: 0.000008 V (   0.008 mV)
  TEC5: 0.000008 V (   0.008 mV)  |  TEC6: 0.000008 V (   0.008 mV)
  TEC7: 0.000008 V (   0.008 mV)  |  TEC8: 0.000016 V (   0.016 mV)

[0092] 2025-11-12 19:45:38
  TEC1: 0.000000 V (   0.000 mV)  |  TEC2: -0.000125 V (  -0.125 mV)
  TEC3: 0.000008 V (   0.008 mV)  |  TEC4: 0.000008 V (   0.008 mV)
  TEC5: 0.000000 V (   0.000 mV)  |  TEC6: 0.000008 V (   0.008 mV)
  TEC7: 0.000000 V (   0.000 mV)  |  TEC8: 0.000008 V (   0.008 mV)

[0093] 2025-11-12 19:45:48
  TEC1: 0.000000 V (   0.000 mV)  |  TEC2: -0.000125 V (  -0.125 mV)
  TEC3: -0.000008 V (  -0.008 mV)  |  TEC4: 0.000008 V (   0.008 mV)
  TEC5: 0.000008 V (   0.008 mV)  |  TEC6: 0.000000 V (   0.000 mV)
  TEC7: 0.000000 V (   0.000 mV)  |  TEC8: 0.000008 V (   0.008 mV)

[0094] 2025-11-12 19:45:58
  TEC1: 0.000125 V (   0.125 mV)  |  TEC2: 0.000000 V (   0.000 mV)
  TEC3: 0.000008 V (   0.008 mV)  |  TEC4: 0.000008 V (   0.008 mV)
  TEC5: -0.000008 V (  -0.008 mV)  |  TEC6: 0.000000 V (   0.000 mV)
  TEC7: 0.000000 V (   0.000 mV)  |  TEC8: 0.000008 V (   0.008 mV)

[0095] 2025-11-12 19:46:08
  TEC1: 0.000375 V (   0.375 mV)  |  TEC2: -0.000125 V (  -0.125 mV)
  TEC3: 0.000008 V (   0.008 mV)  |  TEC4: 0.000008 V (   0.008 mV)
  TEC5: 0.000000 V (   0.000 mV)  |  TEC6: 0.000008 V (   0.008 mV)
  TEC7: 0.000008 V (   0.008 mV)  |  TEC8: 0.000008 V (   0.008 mV)

[0096] 2025-11-12 19:46:18
  TEC1: 0.000125 V (   0.125 mV)  |  TEC2: -0.000125 V (  -0.125 mV)
  TEC3: 0.000008 V (   0.008 mV)  |  TEC4: 0.000008 V (   0.008 mV)
  TEC5: 0.000000 V (   0.000 mV)  |  TEC6: 0.000008 V (   0.008 mV)
  TEC7: 0.000008 V (   0.008 mV)  |  TEC8: 0.000000 V (   0.000 mV)

[0097] 2025-11-12 19:46:28
  TEC1: 0.000125 V (   0.125 mV)  |  TEC2: -0.000125 V (  -0.125 mV)
  TEC3: 0.000000 V (   0.000 mV)  |  TEC4: 0.000008 V (   0.008 mV)
  TEC5: 0.000008 V (   0.008 mV)  |  TEC6: 0.000008 V (   0.008 mV)
  TEC7: 0.000000 V (   0.000 mV)  |  TEC8: 0.000016 V (   0.016 mV)

[0098] 2025-11-12 19:46:38
  TEC1: 0.000000 V (   0.000 mV)  |  TEC2: -0.000125 V (  -0.125 mV)
  TEC3: 0.000000 V (   0.000 mV)  |  TEC4: 0.000008 V (   0.008 mV)
  TEC5: 0.000000 V (   0.000 mV)  |  TEC6: 0.000000 V (   0.000 mV)
  TEC7: 0.000008 V (   0.008 mV)  |  TEC8: 0.000008 V (   0.008 mV)

[0099] 2025-11-12 19:46:48
  TEC1: -0.000125 V (  -0.125 mV)  |  TEC2: -0.000125 V (  -0.125 mV)
  TEC3: 0.000000 V (   0.000 mV)  |  TEC4: 0.000008 V (   0.008 mV)
  TEC5: 0.000000 V (   0.000 mV)  |  TEC6: 0.000000 V (   0.000 mV)
  TEC7: 0.000000 V (   0.000 mV)  |  TEC8: 0.000008 V (   0.008 mV)

[0100] 2025-11-12 19:46:59
  TEC1: 0.000000 V (   0.000 mV)  |  TEC2: 0.000000 V (   0.000 mV)
  TEC3: 0.000008 V (   0.008 mV)  |  TEC4: 0.000008 V (   0.008 mV)
  TEC5: 0.000000 V (   0.000 mV)  |  TEC6: 0.000008 V (   0.008 mV)
  TEC7: 0.000008 V (   0.008 mV)  |  TEC8: 0.000008 V (   0.008 mV)

[0101] 2025-11-12 19:47:09
  TEC1: 0.000000 V (   0.000 mV)  |  TEC2: 0.000000 V (   0.000 mV)
  TEC3: 0.000008 V (   0.008 mV)  |  TEC4: 0.000008 V (   0.008 mV)
  TEC5: 0.000008 V (   0.008 mV)  |  TEC6: 0.000000 V (   0.000 mV)
  TEC7: 0.000008 V (   0.008 mV)  |  TEC8: 0.000008 V (   0.008 mV)

[0102] 2025-11-12 19:47:19
  TEC1: 0.000000 V (   0.000 mV)  |  TEC2: 0.000000 V (   0.000 mV)
  TEC3: 0.000008 V (   0.008 mV)  |  TEC4: 0.000000 V (   0.000 mV)
  TEC5: 0.000000 V (   0.000 mV)  |  TEC6: 0.000008 V (   0.008 mV)
  TEC7: 0.000016 V (   0.016 mV)  |  TEC8: 0.000008 V (   0.008 mV)

[0103] 2025-11-12 19:47:29
  TEC1: 0.000000 V (   0.000 mV)  |  TEC2: 0.000000 V (   0.000 mV)
  TEC3: 0.000000 V (   0.000 mV)  |  TEC4: 0.000016 V (   0.016 mV)
  TEC5: 0.000000 V (   0.000 mV)  |  TEC6: 0.000008 V (   0.008 mV)
  TEC7: 0.000016 V (   0.016 mV)  |  TEC8: 0.000000 V (   0.000 mV)

[0104] 2025-11-12 19:47:39
  TEC1: 0.000000 V (   0.000 mV)  |  TEC2: 0.000000 V (   0.000 mV)
  TEC3: 0.000008 V (   0.008 mV)  |  TEC4: 0.000008 V (   0.008 mV)
  TEC5: 0.000000 V (   0.000 mV)  |  TEC6: 0.000000 V (   0.000 mV)
  TEC7: 0.000000 V (   0.000 mV)  |  TEC8: 0.000008 V (   0.008 mV)

[0105] 2025-11-12 19:47:49
  TEC1: 0.000000 V (   0.000 mV)  |  TEC2: 0.000000 V (   0.000 mV)
  TEC3: 0.000008 V (   0.008 mV)  |  TEC4: 0.000016 V (   0.016 mV)
  TEC5: 0.000008 V (   0.008 mV)  |  TEC6: 0.000008 V (   0.008 mV)
  TEC7: -0.000008 V (  -0.008 mV)  |  TEC8: 0.000000 V (   0.000 mV)

[0106] 2025-11-12 19:47:59
  TEC1: 0.000000 V (   0.000 mV)  |  TEC2: -0.000125 V (  -0.125 mV)
  TEC3: 0.000000 V (   0.000 mV)  |  TEC4: 0.000008 V (   0.008 mV)
  TEC5: 0.000000 V (   0.000 mV)  |  TEC6: 0.000008 V (   0.008 mV)
  TEC7: 0.000000 V (   0.000 mV)  |  TEC8: 0.000000 V (   0.000 mV)

[0107] 2025-11-12 19:48:09
  TEC1: 0.000125 V (   0.125 mV)  |  TEC2: 0.000000 V (   0.000 mV)
  TEC3: 0.000008 V (   0.008 mV)  |  TEC4: 0.000008 V (   0.008 mV)
  TEC5: 0.000008 V (   0.008 mV)  |  TEC6: 0.000008 V (   0.008 mV)
  TEC7: 0.000000 V (   0.000 mV)  |  TEC8: 0.000008 V (   0.008 mV)

[0108] 2025-11-12 19:48:19
  TEC1: 0.000000 V (   0.000 mV)  |  TEC2: 0.000000 V (   0.000 mV)
  TEC3: 0.000000 V (   0.000 mV)  |  TEC4: 0.000008 V (   0.008 mV)
  TEC5: 0.000008 V (   0.008 mV)  |  TEC6: 0.000008 V (   0.008 mV)
  TEC7: 0.000008 V (   0.008 mV)  |  TEC8: 0.000000 V (   0.000 mV)

[0109] 2025-11-12 19:48:29
  TEC1: 0.000000 V (   0.000 mV)  |  TEC2: 0.000000 V (   0.000 mV)
  TEC3: 0.000008 V (   0.008 mV)  |  TEC4: 0.000008 V (   0.008 mV)
  TEC5: 0.000008 V (   0.008 mV)  |  TEC6: 0.000008 V (   0.008 mV)
  TEC7: 0.000000 V (   0.000 mV)  |  TEC8: 0.000016 V (   0.016 mV)

[0110] 2025-11-12 19:48:39
  TEC1: 0.000000 V (   0.000 mV)  |  TEC2: 0.000000 V (   0.000 mV)
  TEC3: 0.000008 V (   0.008 mV)  |  TEC4: 0.000008 V (   0.008 mV)
  TEC5: 0.000008 V (   0.008 mV)  |  TEC6: 0.000000 V (   0.000 mV)
  TEC7: 0.000008 V (   0.008 mV)  |  TEC8: 0.000008 V (   0.008 mV)

[0111] 2025-11-12 19:48:49
  TEC1: 0.000000 V (   0.000 mV)  |  TEC2: 0.000000 V (   0.000 mV)
  TEC3: 0.000000 V (   0.000 mV)  |  TEC4: 0.000008 V (   0.008 mV)
  TEC5: 0.000000 V (   0.000 mV)  |  TEC6: 0.000000 V (   0.000 mV)
  TEC7: 0.000000 V (   0.000 mV)  |  TEC8: 0.000016 V (   0.016 mV)

[0112] 2025-11-12 19:48:59
  TEC1: 0.000000 V (   0.000 mV)  |  TEC2: 0.000000 V (   0.000 mV)
  TEC3: 0.000008 V (   0.008 mV)  |  TEC4: 0.000008 V (   0.008 mV)
  TEC5: 0.000000 V (   0.000 mV)  |  TEC6: 0.000008 V (   0.008 mV)
  TEC7: 0.000008 V (   0.008 mV)  |  TEC8: 0.000016 V (   0.016 mV)

[0113] 2025-11-12 19:49:10
  TEC1: 0.000000 V (   0.000 mV)  |  TEC2: -0.000125 V (  -0.125 mV)
  TEC3: 0.000008 V (   0.008 mV)  |  TEC4: 0.000008 V (   0.008 mV)
  TEC5: -0.000008 V (  -0.008 mV)  |  TEC6: 0.000000 V (   0.000 mV)
  TEC7: 0.000000 V (   0.000 mV)  |  TEC8: 0.000000 V (   0.000 mV)

[0114] 2025-11-12 19:49:20
  TEC1: 0.000000 V (   0.000 mV)  |  TEC2: 0.000000 V (   0.000 mV)
  TEC3: 0.000008 V (   0.008 mV)  |  TEC4: 0.000008 V (   0.008 mV)
  TEC5: 0.000008 V (   0.008 mV)  |  TEC6: 0.000000 V (   0.000 mV)
  TEC7: 0.000016 V (   0.016 mV)  |  TEC8: 0.000008 V (   0.008 mV)

[0115] 2025-11-12 19:49:30
  TEC1: 0.000000 V (   0.000 mV)  |  TEC2: 0.000000 V (   0.000 mV)
  TEC3: 0.000000 V (   0.000 mV)  |  TEC4: 0.000000 V (   0.000 mV)
  TEC5: 0.000008 V (   0.008 mV)  |  TEC6: 0.000008 V (   0.008 mV)
  TEC7: 0.000000 V (   0.000 mV)  |  TEC8: 0.000000 V (   0.000 mV)

[0116] 2025-11-12 19:49:40
  TEC1: 0.000000 V (   0.000 mV)  |  TEC2: 0.000000 V (   0.000 mV)
  TEC3: 0.000000 V (   0.000 mV)  |  TEC4: 0.000008 V (   0.008 mV)
  TEC5: 0.000000 V (   0.000 mV)  |  TEC6: 0.000000 V (   0.000 mV)
  TEC7: 0.000008 V (   0.008 mV)  |  TEC8: 0.000000 V (   0.000 mV)

[0117] 2025-11-12 19:49:50
  TEC1: 0.000000 V (   0.000 mV)  |  TEC2: 0.000000 V (   0.000 mV)
  TEC3: 0.000008 V (   0.008 mV)  |  TEC4: 0.000008 V (   0.008 mV)
  TEC5: 0.000000 V (   0.000 mV)  |  TEC6: 0.000008 V (   0.008 mV)
  TEC7: 0.000016 V (   0.016 mV)  |  TEC8: 0.000000 V (   0.000 mV)

[0118] 2025-11-12 19:50:00
  TEC1: 0.000000 V (   0.000 mV)  |  TEC2: 0.000000 V (   0.000 mV)
  TEC3: 0.000000 V (   0.000 mV)  |  TEC4: 0.000008 V (   0.008 mV)
  TEC5: 0.000008 V (   0.008 mV)  |  TEC6: 0.000008 V (   0.008 mV)
  TEC7: 0.000000 V (   0.000 mV)  |  TEC8: 0.000016 V (   0.016 mV)

[0119] 2025-11-12 19:50:10
  TEC1: 0.000000 V (   0.000 mV)  |  TEC2: 0.000000 V (   0.000 mV)
  TEC3: 0.000008 V (   0.008 mV)  |  TEC4: 0.000008 V (   0.008 mV)
  TEC5: 0.000000 V (   0.000 mV)  |  TEC6: 0.000008 V (   0.008 mV)
  TEC7: 0.000008 V (   0.008 mV)  |  TEC8: 0.000000 V (   0.000 mV)

[0120] 2025-11-12 19:50:20
  TEC1: 0.000000 V (   0.000 mV)  |  TEC2: 0.000000 V (   0.000 mV)
  TEC3: 0.000008 V (   0.008 mV)  |  TEC4: 0.000008 V (   0.008 mV)
  TEC5: 0.000000 V (   0.000 mV)  |  TEC6: 0.000008 V (   0.008 mV)
  TEC7: 0.000008 V (   0.008 mV)  |  TEC8: 0.000008 V (   0.008 mV)

[0121] 2025-11-12 19:50:30
  TEC1: 0.000000 V (   0.000 mV)  |  TEC2: -0.000125 V (  -0.125 mV)
  TEC3: 0.000000 V (   0.000 mV)  |  TEC4: 0.000008 V (   0.008 mV)
  TEC5: 0.000000 V (   0.000 mV)  |  TEC6: 0.000000 V (   0.000 mV)
  TEC7: 0.000000 V (   0.000 mV)  |  TEC8: 0.000008 V (   0.008 mV)

[0122] 2025-11-12 19:50:40
  TEC1: 0.000000 V (   0.000 mV)  |  TEC2: -0.000125 V (  -0.125 mV)
  TEC3: -0.000008 V (  -0.008 mV)  |  TEC4: 0.000008 V (   0.008 mV)
  TEC5: 0.000000 V (   0.000 mV)  |  TEC6: 0.000008 V (   0.008 mV)
  TEC7: 0.000008 V (   0.008 mV)  |  TEC8: 0.000000 V (   0.000 mV)

[0123] 2025-11-12 19:50:50
  TEC1: 0.000000 V (   0.000 mV)  |  TEC2: 0.000000 V (   0.000 mV)
  TEC3: 0.000000 V (   0.000 mV)  |  TEC4: 0.000008 V (   0.008 mV)
  TEC5: 0.000008 V (   0.008 mV)  |  TEC6: -0.000008 V (  -0.008 mV)
  TEC7: 0.000000 V (   0.000 mV)  |  TEC8: 0.000000 V (   0.000 mV)

[0124] 2025-11-12 19:51:00
  TEC1: 0.000000 V (   0.000 mV)  |  TEC2: -0.000125 V (  -0.125 mV)
  TEC3: 0.000008 V (   0.008 mV)  |  TEC4: 0.000008 V (   0.008 mV)
  TEC5: -0.000008 V (  -0.008 mV)  |  TEC6: 0.000008 V (   0.008 mV)
  TEC7: 0.000000 V (   0.000 mV)  |  TEC8: 0.000008 V (   0.008 mV)

[0125] 2025-11-12 19:51:10
  TEC1: 0.000000 V (   0.000 mV)  |  TEC2: 0.000000 V (   0.000 mV)
  TEC3: 0.000000 V (   0.000 mV)  |  TEC4: 0.000016 V (   0.016 mV)
  TEC5: 0.000000 V (   0.000 mV)  |  TEC6: 0.000008 V (   0.008 mV)
  TEC7: 0.000000 V (   0.000 mV)  |  TEC8: 0.000000 V (   0.000 mV)

[0126] 2025-11-12 19:51:21
  TEC1: 0.000000 V (   0.000 mV)  |  TEC2: 0.000000 V (   0.000 mV)
  TEC3: 0.000008 V (   0.008 mV)  |  TEC4: 0.000008 V (   0.008 mV)
  TEC5: 0.000000 V (   0.000 mV)  |  TEC6: 0.000000 V (   0.000 mV)
  TEC7: 0.000008 V (   0.008 mV)  |  TEC8: 0.000008 V (   0.008 mV)

[0127] 2025-11-12 19:51:31
  TEC1: 0.000000 V (   0.000 mV)  |  TEC2: 0.000000 V (   0.000 mV)
  TEC3: 0.000000 V (   0.000 mV)  |  TEC4: 0.000008 V (   0.008 mV)
  TEC5: 0.000008 V (   0.008 mV)  |  TEC6: 0.000008 V (   0.008 mV)
  TEC7: 0.000008 V (   0.008 mV)  |  TEC8: 0.000008 V (   0.008 mV)

[0128] 2025-11-12 19:51:41
  TEC1: 0.000000 V (   0.000 mV)  |  TEC2: 0.000000 V (   0.000 mV)
  TEC3: 0.000000 V (   0.000 mV)  |  TEC4: 0.000008 V (   0.008 mV)
  TEC5: 0.000008 V (   0.008 mV)  |  TEC6: 0.000000 V (   0.000 mV)
  TEC7: 0.000000 V (   0.000 mV)  |  TEC8: 0.000000 V (   0.000 mV)

[0129] 2025-11-12 19:51:51
  TEC1: 0.000000 V (   0.000 mV)  |  TEC2: 0.000000 V (   0.000 mV)
  TEC3: 0.000000 V (   0.000 mV)  |  TEC4: 0.000000 V (   0.000 mV)
  TEC5: 0.000008 V (   0.008 mV)  |  TEC6: 0.000008 V (   0.008 mV)
  TEC7: 0.000008 V (   0.008 mV)  |  TEC8: 0.000008 V (   0.008 mV)

[0130] 2025-11-12 19:52:01
  TEC1: 0.000000 V (   0.000 mV)  |  TEC2: 0.000000 V (   0.000 mV)
  TEC3: 0.000000 V (   0.000 mV)  |  TEC4: 0.000008 V (   0.008 mV)
  TEC5: 0.000008 V (   0.008 mV)  |  TEC6: 0.000008 V (   0.008 mV)
  TEC7: 0.000008 V (   0.008 mV)  |  TEC8: 0.000008 V (   0.008 mV)

[0131] 2025-11-12 19:52:11
  TEC1: 0.000000 V (   0.000 mV)  |  TEC2: 0.000000 V (   0.000 mV)
  TEC3: 0.000000 V (   0.000 mV)  |  TEC4: 0.000008 V (   0.008 mV)
  TEC5: 0.000008 V (   0.008 mV)  |  TEC6: 0.000000 V (   0.000 mV)
  TEC7: 0.000000 V (   0.000 mV)  |  TEC8: 0.000008 V (   0.008 mV)

[0132] 2025-11-12 19:52:21
  TEC1: 0.000000 V (   0.000 mV)  |  TEC2: 0.000000 V (   0.000 mV)
  TEC3: 0.000000 V (   0.000 mV)  |  TEC4: 0.000016 V (   0.016 mV)
  TEC5: 0.000000 V (   0.000 mV)  |  TEC6: 0.000000 V (   0.000 mV)
  TEC7: -0.000008 V (  -0.008 mV)  |  TEC8: 0.000008 V (   0.008 mV)

[0133] 2025-11-12 19:52:31
  TEC1: 0.000000 V (   0.000 mV)  |  TEC2: 0.000000 V (   0.000 mV)
  TEC3: 0.000000 V (   0.000 mV)  |  TEC4: 0.000008 V (   0.008 mV)
  TEC5: 0.000008 V (   0.008 mV)  |  TEC6: 0.000000 V (   0.000 mV)
  TEC7: 0.000008 V (   0.008 mV)  |  TEC8: 0.000000 V (   0.000 mV)

[0134] 2025-11-12 19:52:41
  TEC1: 0.000000 V (   0.000 mV)  |  TEC2: 0.000000 V (   0.000 mV)
  TEC3: 0.000000 V (   0.000 mV)  |  TEC4: 0.000008 V (   0.008 mV)
  TEC5: 0.000008 V (   0.008 mV)  |  TEC6: 0.000000 V (   0.000 mV)
  TEC7: -0.000008 V (  -0.008 mV)  |  TEC8: 0.000008 V (   0.008 mV)

[0135] 2025-11-12 19:52:51
  TEC1: 0.000000 V (   0.000 mV)  |  TEC2: -0.000125 V (  -0.125 mV)
  TEC3: 0.000008 V (   0.008 mV)  |  TEC4: 0.000008 V (   0.008 mV)
  TEC5: -0.000008 V (  -0.008 mV)  |  TEC6: 0.000000 V (   0.000 mV)
  TEC7: 0.000000 V (   0.000 mV)  |  TEC8: 0.000008 V (   0.008 mV)

[0136] 2025-11-12 19:53:01
  TEC1: 0.000000 V (   0.000 mV)  |  TEC2: 0.000000 V (   0.000 mV)
  TEC3: 0.000000 V (   0.000 mV)  |  TEC4: 0.000008 V (   0.008 mV)
  TEC5: -0.000008 V (  -0.008 mV)  |  TEC6: 0.000008 V (   0.008 mV)
  TEC7: 0.000000 V (   0.000 mV)  |  TEC8: 0.000008 V (   0.008 mV)

[0137] 2025-11-12 19:53:11
  TEC1: 0.000000 V (   0.000 mV)  |  TEC2: 0.000000 V (   0.000 mV)
  TEC3: 0.000000 V (   0.000 mV)  |  TEC4: 0.000008 V (   0.008 mV)
  TEC5: 0.000000 V (   0.000 mV)  |  TEC6: 0.000000 V (   0.000 mV)
  TEC7: 0.000000 V (   0.000 mV)  |  TEC8: 0.000008 V (   0.008 mV)

[0138] 2025-11-12 19:53:22
  TEC1: 0.000000 V (   0.000 mV)  |  TEC2: 0.000000 V (   0.000 mV)
  TEC3: 0.000000 V (   0.000 mV)  |  TEC4: 0.000016 V (   0.016 mV)
  TEC5: 0.000000 V (   0.000 mV)  |  TEC6: 0.000008 V (   0.008 mV)
  TEC7: 0.000008 V (   0.008 mV)  |  TEC8: 0.000000 V (   0.000 mV)

[0139] 2025-11-12 19:53:32
  TEC1: 0.000000 V (   0.000 mV)  |  TEC2: 0.000000 V (   0.000 mV)
  TEC3: 0.000008 V (   0.008 mV)  |  TEC4: 0.000000 V (   0.000 mV)
  TEC5: 0.000000 V (   0.000 mV)  |  TEC6: 0.000000 V (   0.000 mV)
  TEC7: 0.000008 V (   0.008 mV)  |  TEC8: 0.000008 V (   0.008 mV)

[0140] 2025-11-12 19:53:42
  TEC1: 0.000000 V (   0.000 mV)  |  TEC2: 0.000000 V (   0.000 mV)
  TEC3: 0.000008 V (   0.008 mV)  |  TEC4: 0.000008 V (   0.008 mV)
  TEC5: 0.000000 V (   0.000 mV)  |  TEC6: 0.000000 V (   0.000 mV)
  TEC7: 0.000000 V (   0.000 mV)  |  TEC8: 0.000000 V (   0.000 mV)

[0141] 2025-11-12 19:53:52
  TEC1: 0.000000 V (   0.000 mV)  |  TEC2: 0.000125 V (   0.125 mV)
  TEC3: 0.000000 V (   0.000 mV)  |  TEC4: 0.000008 V (   0.008 mV)
  TEC5: 0.000008 V (   0.008 mV)  |  TEC6: 0.000008 V (   0.008 mV)
  TEC7: 0.000016 V (   0.016 mV)  |  TEC8: 0.000000 V (   0.000 mV)

[0142] 2025-11-12 19:54:02
  TEC1: 0.000000 V (   0.000 mV)  |  TEC2: 0.000000 V (   0.000 mV)
  TEC3: 0.000008 V (   0.008 mV)  |  TEC4: 0.000008 V (   0.008 mV)
  TEC5: 0.000000 V (   0.000 mV)  |  TEC6: 0.000000 V (   0.000 mV)
  TEC7: 0.000000 V (   0.000 mV)  |  TEC8: 0.000000 V (   0.000 mV)

[0143] 2025-11-12 19:54:12
  TEC1: 0.000000 V (   0.000 mV)  |  TEC2: 0.000000 V (   0.000 mV)
  TEC3: 0.000000 V (   0.000 mV)  |  TEC4: 0.000008 V (   0.008 mV)
  TEC5: 0.000008 V (   0.008 mV)  |  TEC6: 0.000008 V (   0.008 mV)
  TEC7: 0.000008 V (   0.008 mV)  |  TEC8: 0.000000 V (   0.000 mV)

[0144] 2025-11-12 19:54:22
  TEC1: 0.000000 V (   0.000 mV)  |  TEC2: 0.000125 V (   0.125 mV)
  TEC3: 0.000008 V (   0.008 mV)  |  TEC4: 0.000008 V (   0.008 mV)
  TEC5: 0.000008 V (   0.008 mV)  |  TEC6: 0.000000 V (   0.000 mV)
  TEC7: 0.000008 V (   0.008 mV)  |  TEC8: 0.000000 V (   0.000 mV)

[0145] 2025-11-12 19:54:32
  TEC1: 0.000000 V (   0.000 mV)  |  TEC2: 0.000125 V (   0.125 mV)
  TEC3: 0.000008 V (   0.008 mV)  |  TEC4: 0.000008 V (   0.008 mV)
  TEC5: 0.000000 V (   0.000 mV)  |  TEC6: 0.000000 V (   0.000 mV)
  TEC7: 0.000000 V (   0.000 mV)  |  TEC8: 0.000008 V (   0.008 mV)

[0146] 2025-11-12 19:54:42
  TEC1: 0.000000 V (   0.000 mV)  |  TEC2: 0.000125 V (   0.125 mV)
  TEC3: 0.000000 V (   0.000 mV)  |  TEC4: 0.000008 V (   0.008 mV)
  TEC5: 0.000000 V (   0.000 mV)  |  TEC6: 0.000008 V (   0.008 mV)
  TEC7: 0.000008 V (   0.008 mV)  |  TEC8: 0.000000 V (   0.000 mV)

[0147] 2025-11-12 19:54:52
  TEC1: 0.000125 V (   0.125 mV)  |  TEC2: 0.000125 V (   0.125 mV)
  TEC3: 0.000008 V (   0.008 mV)  |  TEC4: 0.000008 V (   0.008 mV)
  TEC5: 0.000008 V (   0.008 mV)  |  TEC6: 0.000008 V (   0.008 mV)
  TEC7: 0.000000 V (   0.000 mV)  |  TEC8: 0.000008 V (   0.008 mV)

[0148] 2025-11-12 19:55:02
  TEC1: 0.000125 V (   0.125 mV)  |  TEC2: 0.000125 V (   0.125 mV)
  TEC3: 0.000000 V (   0.000 mV)  |  TEC4: 0.000008 V (   0.008 mV)
  TEC5: 0.000000 V (   0.000 mV)  |  TEC6: 0.000008 V (   0.008 mV)
  TEC7: -0.000008 V (  -0.008 mV)  |  TEC8: 0.000008 V (   0.008 mV)

[0149] 2025-11-12 19:55:12
  TEC1: 0.000125 V (   0.125 mV)  |  TEC2: 0.000125 V (   0.125 mV)
  TEC3: 0.000008 V (   0.008 mV)  |  TEC4: 0.000016 V (   0.016 mV)
  TEC5: 0.000008 V (   0.008 mV)  |  TEC6: -0.000008 V (  -0.008 mV)
  TEC7: 0.000008 V (   0.008 mV)  |  TEC8: 0.000016 V (   0.016 mV)

[0150] 2025-11-12 19:55:22
  TEC1: 0.000000 V (   0.000 mV)  |  TEC2: 0.000125 V (   0.125 mV)
  TEC3: 0.000000 V (   0.000 mV)  |  TEC4: 0.000008 V (   0.008 mV)
  TEC5: 0.000008 V (   0.008 mV)  |  TEC6: 0.000008 V (   0.008 mV)
  TEC7: 0.000000 V (   0.000 mV)  |  TEC8: 0.000008 V (   0.008 mV)

[0151] 2025-11-12 19:55:33
  TEC1: 0.000000 V (   0.000 mV)  |  TEC2: 0.000000 V (   0.000 mV)
  TEC3: 0.000008 V (   0.008 mV)  |  TEC4: 0.000008 V (   0.008 mV)
  TEC5: 0.000000 V (   0.000 mV)  |  TEC6: 0.000008 V (   0.008 mV)
  TEC7: 0.000000 V (   0.000 mV)  |  TEC8: 0.000008 V (   0.008 mV)

[0152] 2025-11-12 19:55:43
  TEC1: 0.000000 V (   0.000 mV)  |  TEC2: 0.000125 V (   0.125 mV)
  TEC3: 0.000000 V (   0.000 mV)  |  TEC4: 0.000008 V (   0.008 mV)
  TEC5: 0.000008 V (   0.008 mV)  |  TEC6: 0.000008 V (   0.008 mV)
  TEC7: 0.000008 V (   0.008 mV)  |  TEC8: 0.000000 V (   0.000 mV)

[0153] 2025-11-12 19:55:53
  TEC1: 0.000000 V (   0.000 mV)  |  TEC2: 0.000125 V (   0.125 mV)
  TEC3: 0.000008 V (   0.008 mV)  |  TEC4: 0.000008 V (   0.008 mV)
  TEC5: 0.000008 V (   0.008 mV)  |  TEC6: 0.000008 V (   0.008 mV)
  TEC7: 0.000000 V (   0.000 mV)  |  TEC8: 0.000008 V (   0.008 mV)

[0154] 2025-11-12 19:56:03
  TEC1: 0.000000 V (   0.000 mV)  |  TEC2: 0.000125 V (   0.125 mV)
  TEC3: 0.000000 V (   0.000 mV)  |  TEC4: 0.000008 V (   0.008 mV)
  TEC5: 0.000000 V (   0.000 mV)  |  TEC6: 0.000000 V (   0.000 mV)
  TEC7: 0.000000 V (   0.000 mV)  |  TEC8: 0.000008 V (   0.008 mV)

[0155] 2025-11-12 19:56:13
  TEC1: 0.000000 V (   0.000 mV)  |  TEC2: 0.000125 V (   0.125 mV)
  TEC3: 0.000000 V (   0.000 mV)  |  TEC4: 0.000016 V (   0.016 mV)
  TEC5: 0.000000 V (   0.000 mV)  |  TEC6: 0.000000 V (   0.000 mV)
  TEC7: 0.000016 V (   0.016 mV)  |  TEC8: 0.000008 V (   0.008 mV)

[0156] 2025-11-12 19:56:23
  TEC1: 0.000125 V (   0.125 mV)  |  TEC2: 0.000125 V (   0.125 mV)
  TEC3: 0.000008 V (   0.008 mV)  |  TEC4: 0.000008 V (   0.008 mV)
  TEC5: 0.000008 V (   0.008 mV)  |  TEC6: 0.000000 V (   0.000 mV)
  TEC7: 0.000008 V (   0.008 mV)  |  TEC8: 0.000016 V (   0.016 mV)

[0157] 2025-11-12 19:56:33
  TEC1: 0.000000 V (   0.000 mV)  |  TEC2: 0.000125 V (   0.125 mV)
  TEC3: 0.000008 V (   0.008 mV)  |  TEC4: 0.000008 V (   0.008 mV)
  TEC5: 0.000008 V (   0.008 mV)  |  TEC6: 0.000000 V (   0.000 mV)
  TEC7: 0.000008 V (   0.008 mV)  |  TEC8: 0.000008 V (   0.008 mV)

[0158] 2025-11-12 19:56:43
  TEC1: 0.000000 V (   0.000 mV)  |  TEC2: 0.000125 V (   0.125 mV)
  TEC3: 0.000000 V (   0.000 mV)  |  TEC4: 0.000008 V (   0.008 mV)
  TEC5: 0.000008 V (   0.008 mV)  |  TEC6: 0.000008 V (   0.008 mV)
  TEC7: 0.000008 V (   0.008 mV)  |  TEC8: 0.000008 V (   0.008 mV)

[0159] 2025-11-12 19:56:53
  TEC1: 0.000000 V (   0.000 mV)  |  TEC2: 0.000000 V (   0.000 mV)
  TEC3: 0.000008 V (   0.008 mV)  |  TEC4: 0.000008 V (   0.008 mV)
  TEC5: 0.000008 V (   0.008 mV)  |  TEC6: 0.000000 V (   0.000 mV)
  TEC7: 0.000008 V (   0.008 mV)  |  TEC8: 0.000000 V (   0.000 mV)

[0160] 2025-11-12 19:57:03
  TEC1: 0.000000 V (   0.000 mV)  |  TEC2: 0.000125 V (   0.125 mV)
  TEC3: 0.000000 V (   0.000 mV)  |  TEC4: 0.000016 V (   0.016 mV)
  TEC5: 0.000008 V (   0.008 mV)  |  TEC6: 0.000000 V (   0.000 mV)
  TEC7: 0.000008 V (   0.008 mV)  |  TEC8: 0.000000 V (   0.000 mV)

[0161] 2025-11-12 19:57:13
  TEC1: 0.000125 V (   0.125 mV)  |  TEC2: 0.000125 V (   0.125 mV)
  TEC3: 0.000008 V (   0.008 mV)  |  TEC4: 0.000008 V (   0.008 mV)
  TEC5: 0.000008 V (   0.008 mV)  |  TEC6: 0.000000 V (   0.000 mV)
  TEC7: 0.000008 V (   0.008 mV)  |  TEC8: 0.000008 V (   0.008 mV)

[0162] 2025-11-12 19:57:23
  TEC1: 0.000125 V (   0.125 mV)  |  TEC2: 0.000125 V (   0.125 mV)
  TEC3: 0.000000 V (   0.000 mV)  |  TEC4: 0.000008 V (   0.008 mV)
  TEC5: -0.000008 V (  -0.008 mV)  |  TEC6: 0.000000 V (   0.000 mV)
  TEC7: 0.000008 V (   0.008 mV)  |  TEC8: 0.000008 V (   0.008 mV)

[0163] 2025-11-12 19:57:33
  TEC1: 0.000125 V (   0.125 mV)  |  TEC2: 0.000125 V (   0.125 mV)
  TEC3: 0.000008 V (   0.008 mV)  |  TEC4: 0.000000 V (   0.000 mV)
  TEC5: 0.000000 V (   0.000 mV)  |  TEC6: 0.000000 V (   0.000 mV)
  TEC7: 0.000000 V (   0.000 mV)  |  TEC8: 0.000008 V (   0.008 mV)

[0164] 2025-11-12 19:57:44
  TEC1: 0.000125 V (   0.125 mV)  |  TEC2: 0.000125 V (   0.125 mV)
  TEC3: 0.000000 V (   0.000 mV)  |  TEC4: 0.000008 V (   0.008 mV)
  TEC5: 0.000000 V (   0.000 mV)  |  TEC6: 0.000000 V (   0.000 mV)
  TEC7: 0.000008 V (   0.008 mV)  |  TEC8: 0.000008 V (   0.008 mV)

[0165] 2025-11-12 19:57:54
  TEC1: 0.000125 V (   0.125 mV)  |  TEC2: 0.000125 V (   0.125 mV)
  TEC3: 0.000008 V (   0.008 mV)  |  TEC4: 0.000008 V (   0.008 mV)
  TEC5: 0.000008 V (   0.008 mV)  |  TEC6: 0.000008 V (   0.008 mV)
  TEC7: 0.000016 V (   0.016 mV)  |  TEC8: 0.000008 V (   0.008 mV)

[0166] 2025-11-12 19:58:04
  TEC1: 0.000125 V (   0.125 mV)  |  TEC2: 0.000125 V (   0.125 mV)
  TEC3: 0.000016 V (   0.016 mV)  |  TEC4: 0.000008 V (   0.008 mV)
  TEC5: 0.000000 V (   0.000 mV)  |  TEC6: 0.000008 V (   0.008 mV)
  TEC7: 0.000008 V (   0.008 mV)  |  TEC8: 0.000008 V (   0.008 mV)

[0167] 2025-11-12 19:58:14
  TEC1: 0.000125 V (   0.125 mV)  |  TEC2: 0.000125 V (   0.125 mV)
  TEC3: 0.000000 V (   0.000 mV)  |  TEC4: 0.000008 V (   0.008 mV)
  TEC5: 0.000008 V (   0.008 mV)  |  TEC6: 0.000000 V (   0.000 mV)
  TEC7: 0.000008 V (   0.008 mV)  |  TEC8: 0.000008 V (   0.008 mV)

[0168] 2025-11-12 19:58:24
  TEC1: 0.000000 V (   0.000 mV)  |  TEC2: 0.000125 V (   0.125 mV)
  TEC3: 0.000000 V (   0.000 mV)  |  TEC4: 0.000008 V (   0.008 mV)
  TEC5: 0.000000 V (   0.000 mV)  |  TEC6: 0.000000 V (   0.000 mV)
  TEC7: 0.000016 V (   0.016 mV)  |  TEC8: 0.000000 V (   0.000 mV)

[0169] 2025-11-12 19:58:34
  TEC1: 0.000000 V (   0.000 mV)  |  TEC2: 0.000000 V (   0.000 mV)
  TEC3: 0.000000 V (   0.000 mV)  |  TEC4: 0.000008 V (   0.008 mV)
  TEC5: 0.000008 V (   0.008 mV)  |  TEC6: 0.000008 V (   0.008 mV)
  TEC7: 0.000008 V (   0.008 mV)  |  TEC8: 0.000008 V (   0.008 mV)

[0170] 2025-11-12 19:58:44
  TEC1: 0.000000 V (   0.000 mV)  |  TEC2: 0.000125 V (   0.125 mV)
  TEC3: 0.000000 V (   0.000 mV)  |  TEC4: 0.000008 V (   0.008 mV)
  TEC5: 0.000000 V (   0.000 mV)  |  TEC6: 0.000008 V (   0.008 mV)
  TEC7: -0.000008 V (  -0.008 mV)  |  TEC8: 0.000008 V (   0.008 mV)

[0171] 2025-11-12 19:58:54
  TEC1: 0.000000 V (   0.000 mV)  |  TEC2: 0.000125 V (   0.125 mV)
  TEC3: 0.000000 V (   0.000 mV)  |  TEC4: 0.000008 V (   0.008 mV)
  TEC5: 0.000000 V (   0.000 mV)  |  TEC6: 0.000008 V (   0.008 mV)
  TEC7: 0.000000 V (   0.000 mV)  |  TEC8: 0.000000 V (   0.000 mV)

[0172] 2025-11-12 19:59:04
  TEC1: 0.000000 V (   0.000 mV)  |  TEC2: 0.000000 V (   0.000 mV)
  TEC3: 0.000008 V (   0.008 mV)  |  TEC4: 0.000008 V (   0.008 mV)
  TEC5: 0.000000 V (   0.000 mV)  |  TEC6: 0.000008 V (   0.008 mV)
  TEC7: 0.000008 V (   0.008 mV)  |  TEC8: 0.000008 V (   0.008 mV)

[0173] 2025-11-12 19:59:14
  TEC1: 0.000000 V (   0.000 mV)  |  TEC2: 0.000125 V (   0.125 mV)
  TEC3: 0.000000 V (   0.000 mV)  |  TEC4: 0.000008 V (   0.008 mV)
  TEC5: 0.000000 V (   0.000 mV)  |  TEC6: 0.000000 V (   0.000 mV)
  TEC7: 0.000000 V (   0.000 mV)  |  TEC8: 0.000000 V (   0.000 mV)

[0174] 2025-11-12 19:59:24
  TEC1: 0.000000 V (   0.000 mV)  |  TEC2: 0.000000 V (   0.000 mV)
  TEC3: 0.000008 V (   0.008 mV)  |  TEC4: 0.000000 V (   0.000 mV)
  TEC5: 0.000000 V (   0.000 mV)  |  TEC6: 0.000008 V (   0.008 mV)
  TEC7: 0.000008 V (   0.008 mV)  |  TEC8: 0.000000 V (   0.000 mV)

[0175] 2025-11-12 19:59:34
  TEC1: 0.000125 V (   0.125 mV)  |  TEC2: 0.000000 V (   0.000 mV)
  TEC3: 0.000008 V (   0.008 mV)  |  TEC4: 0.000008 V (   0.008 mV)
  TEC5: 0.000008 V (   0.008 mV)  |  TEC6: 0.000000 V (   0.000 mV)
  TEC7: 0.000008 V (   0.008 mV)  |  TEC8: 0.000008 V (   0.008 mV)

[0176] 2025-11-12 19:59:44
  TEC1: 0.000000 V (   0.000 mV)  |  TEC2: 0.000000 V (   0.000 mV)
  TEC3: 0.000000 V (   0.000 mV)  |  TEC4: 0.000016 V (   0.016 mV)
  TEC5: 0.000008 V (   0.008 mV)  |  TEC6: 0.000000 V (   0.000 mV)
  TEC7: 0.000008 V (   0.008 mV)  |  TEC8: 0.000008 V (   0.008 mV)

[0177] 2025-11-12 19:59:55
  TEC1: 0.000000 V (   0.000 mV)  |  TEC2: 0.000000 V (   0.000 mV)
  TEC3: 0.000000 V (   0.000 mV)  |  TEC4: 0.000008 V (   0.008 mV)
  TEC5: 0.000016 V (   0.016 mV)  |  TEC6: 0.000000 V (   0.000 mV)
  TEC7: 0.000000 V (   0.000 mV)  |  TEC8: 0.000008 V (   0.008 mV)

[0178] 2025-11-12 20:00:05
  TEC1: 0.000125 V (   0.125 mV)  |  TEC2: 0.000125 V (   0.125 mV)
  TEC3: 0.000000 V (   0.000 mV)  |  TEC4: 0.000008 V (   0.008 mV)
  TEC5: 0.000008 V (   0.008 mV)  |  TEC6: 0.000000 V (   0.000 mV)
  TEC7: 0.000008 V (   0.008 mV)  |  TEC8: 0.000000 V (   0.000 mV)

[0179] 2025-11-12 20:00:15
  TEC1: 0.000125 V (   0.125 mV)  |  TEC2: 0.000000 V (   0.000 mV)
  TEC3: 0.000000 V (   0.000 mV)  |  TEC4: 0.000008 V (   0.008 mV)
  TEC5: 0.000000 V (   0.000 mV)  |  TEC6: 0.000000 V (   0.000 mV)
  TEC7: 0.000008 V (   0.008 mV)  |  TEC8: 0.000008 V (   0.008 mV)

[0180] 2025-11-12 20:00:25
  TEC1: 0.000125 V (   0.125 mV)  |  TEC2: 0.000125 V (   0.125 mV)
  TEC3: 0.000000 V (   0.000 mV)  |  TEC4: 0.000008 V (   0.008 mV)
  TEC5: 0.000008 V (   0.008 mV)  |  TEC6: 0.000000 V (   0.000 mV)
  TEC7: 0.000000 V (   0.000 mV)  |  TEC8: 0.000016 V (   0.016 mV)

[0181] 2025-11-12 20:00:35
  TEC1: 0.000125 V (   0.125 mV)  |  TEC2: 0.000125 V (   0.125 mV)
  TEC3: 0.000000 V (   0.000 mV)  |  TEC4: 0.000008 V (   0.008 mV)
  TEC5: 0.000000 V (   0.000 mV)  |  TEC6: 0.000000 V (   0.000 mV)
  TEC7: 0.000008 V (   0.008 mV)  |  TEC8: 0.000000 V (   0.000 mV)

[0182] 2025-11-12 20:00:45
  TEC1: 0.000125 V (   0.125 mV)  |  TEC2: 0.000125 V (   0.125 mV)
  TEC3: 0.000000 V (   0.000 mV)  |  TEC4: 0.000008 V (   0.008 mV)
  TEC5: 0.000000 V (   0.000 mV)  |  TEC6: 0.000008 V (   0.008 mV)
  TEC7: 0.000000 V (   0.000 mV)  |  TEC8: 0.000008 V (   0.008 mV)

[0183] 2025-11-12 20:00:55
  TEC1: 0.000125 V (   0.125 mV)  |  TEC2: 0.000000 V (   0.000 mV)
  TEC3: 0.000008 V (   0.008 mV)  |  TEC4: 0.000008 V (   0.008 mV)
  TEC5: 0.000008 V (   0.008 mV)  |  TEC6: 0.000008 V (   0.008 mV)
  TEC7: 0.000000 V (   0.000 mV)  |  TEC8: 0.000000 V (   0.000 mV)

[0184] 2025-11-12 20:01:05
  TEC1: 0.000125 V (   0.125 mV)  |  TEC2: 0.000125 V (   0.125 mV)
  TEC3: 0.000000 V (   0.000 mV)  |  TEC4: 0.000008 V (   0.008 mV)
  TEC5: 0.000000 V (   0.000 mV)  |  TEC6: 0.000000 V (   0.000 mV)
  TEC7: 0.000008 V (   0.008 mV)  |  TEC8: 0.000000 V (   0.000 mV)

[0185] 2025-11-12 20:01:15
  TEC1: 0.000125 V (   0.125 mV)  |  TEC2: 0.000125 V (   0.125 mV)
  TEC3: 0.000000 V (   0.000 mV)  |  TEC4: 0.000008 V (   0.008 mV)
  TEC5: 0.000008 V (   0.008 mV)  |  TEC6: 0.000000 V (   0.000 mV)
  TEC7: 0.000008 V (   0.008 mV)  |  TEC8: 0.000008 V (   0.008 mV)

[0186] 2025-11-12 20:01:25
  TEC1: 0.000125 V (   0.125 mV)  |  TEC2: 0.000125 V (   0.125 mV)
  TEC3: 0.000000 V (   0.000 mV)  |  TEC4: 0.000008 V (   0.008 mV)
  TEC5: 0.000000 V (   0.000 mV)  |  TEC6: 0.000000 V (   0.000 mV)
  TEC7: 0.000008 V (   0.008 mV)  |  TEC8: 0.000000 V (   0.000 mV)

[0187] 2025-11-12 20:01:35
  TEC1: 0.000125 V (   0.125 mV)  |  TEC2: 0.000125 V (   0.125 mV)
  TEC3: 0.000008 V (   0.008 mV)  |  TEC4: 0.000008 V (   0.008 mV)
  TEC5: 0.000016 V (   0.016 mV)  |  TEC6: 0.000008 V (   0.008 mV)
  TEC7: 0.000000 V (   0.000 mV)  |  TEC8: 0.000008 V (   0.008 mV)

[0188] 2025-11-12 20:01:45
  TEC1: 0.000125 V (   0.125 mV)  |  TEC2: 0.000125 V (   0.125 mV)
  TEC3: 0.000000 V (   0.000 mV)  |  TEC4: 0.000008 V (   0.008 mV)
  TEC5: 0.000000 V (   0.000 mV)  |  TEC6: 0.000000 V (   0.000 mV)
  TEC7: 0.000000 V (   0.000 mV)  |  TEC8: 0.000000 V (   0.000 mV)

[0189] 2025-11-12 20:01:55
  TEC1: 0.000125 V (   0.125 mV)  |  TEC2: 0.000125 V (   0.125 mV)
  TEC3: 0.000008 V (   0.008 mV)  |  TEC4: 0.000008 V (   0.008 mV)
  TEC5: 0.000016 V (   0.016 mV)  |  TEC6: 0.000008 V (   0.008 mV)
  TEC7: 0.000016 V (   0.016 mV)  |  TEC8: 0.000008 V (   0.008 mV)

[0190] 2025-11-12 20:02:06
  TEC1: 0.000125 V (   0.125 mV)  |  TEC2: 0.000125 V (   0.125 mV)
  TEC3: 0.000000 V (   0.000 mV)  |  TEC4: 0.000008 V (   0.008 mV)
  TEC5: 0.000008 V (   0.008 mV)  |  TEC6: 0.000000 V (   0.000 mV)
  TEC7: 0.000000 V (   0.000 mV)  |  TEC8: 0.000008 V (   0.008 mV)

[0191] 2025-11-12 20:02:16
  TEC1: 0.000125 V (   0.125 mV)  |  TEC2: 0.000125 V (   0.125 mV)
  TEC3: 0.000008 V (   0.008 mV)  |  TEC4: 0.000008 V (   0.008 mV)
  TEC5: 0.000000 V (   0.000 mV)  |  TEC6: 0.000008 V (   0.008 mV)
  TEC7: 0.000016 V (   0.016 mV)  |  TEC8: 0.000008 V (   0.008 mV)

[0192] 2025-11-12 20:02:26
  TEC1: 0.000125 V (   0.125 mV)  |  TEC2: 0.000125 V (   0.125 mV)
  TEC3: 0.000000 V (   0.000 mV)  |  TEC4: 0.000008 V (   0.008 mV)
  TEC5: 0.000000 V (   0.000 mV)  |  TEC6: 0.000008 V (   0.008 mV)
  TEC7: 0.000000 V (   0.000 mV)  |  TEC8: 0.000008 V (   0.008 mV)

[0193] 2025-11-12 20:02:36
  TEC1: 0.000125 V (   0.125 mV)  |  TEC2: 0.000125 V (   0.125 mV)
  TEC3: 0.000000 V (   0.000 mV)  |  TEC4: 0.000008 V (   0.008 mV)
  TEC5: 0.000008 V (   0.008 mV)  |  TEC6: 0.000008 V (   0.008 mV)
  TEC7: 0.000000 V (   0.000 mV)  |  TEC8: 0.000000 V (   0.000 mV)

[0194] 2025-11-12 20:02:46
  TEC1: 0.000125 V (   0.125 mV)  |  TEC2: 0.000125 V (   0.125 mV)
  TEC3: 0.000000 V (   0.000 mV)  |  TEC4: 0.000008 V (   0.008 mV)
  TEC5: 0.000000 V (   0.000 mV)  |  TEC6: 0.000000 V (   0.000 mV)
  TEC7: 0.000008 V (   0.008 mV)  |  TEC8: 0.000000 V (   0.000 mV)

[0195] 2025-11-12 20:02:56
  TEC1: 0.000000 V (   0.000 mV)  |  TEC2: 0.000000 V (   0.000 mV)
  TEC3: 0.000000 V (   0.000 mV)  |  TEC4: 0.000016 V (   0.016 mV)
  TEC5: 0.000008 V (   0.008 mV)  |  TEC6: 0.000000 V (   0.000 mV)
  TEC7: 0.000008 V (   0.008 mV)  |  TEC8: 0.000008 V (   0.008 mV)

[0196] 2025-11-12 20:03:06
  TEC1: 0.000125 V (   0.125 mV)  |  TEC2: 0.000000 V (   0.000 mV)
  TEC3: 0.000000 V (   0.000 mV)  |  TEC4: 0.000008 V (   0.008 mV)
  TEC5: 0.000000 V (   0.000 mV)  |  TEC6: 0.000000 V (   0.000 mV)
  TEC7: 0.000000 V (   0.000 mV)  |  TEC8: 0.000000 V (   0.000 mV)

[0197] 2025-11-12 20:03:16
  TEC1: 0.000125 V (   0.125 mV)  |  TEC2: 0.000125 V (   0.125 mV)
  TEC3: 0.000000 V (   0.000 mV)  |  TEC4: 0.000008 V (   0.008 mV)
  TEC5: 0.000000 V (   0.000 mV)  |  TEC6: 0.000008 V (   0.008 mV)
  TEC7: 0.000008 V (   0.008 mV)  |  TEC8: 0.000008 V (   0.008 mV)

[0198] 2025-11-12 20:03:26
  TEC1: 0.000125 V (   0.125 mV)  |  TEC2: 0.000125 V (   0.125 mV)
  TEC3: 0.000000 V (   0.000 mV)  |  TEC4: 0.000008 V (   0.008 mV)
  TEC5: 0.000000 V (   0.000 mV)  |  TEC6: 0.000008 V (   0.008 mV)
  TEC7: 0.000000 V (   0.000 mV)  |  TEC8: 0.000008 V (   0.008 mV)

[0199] 2025-11-12 20:03:36
  TEC1: 0.000125 V (   0.125 mV)  |  TEC2: 0.000125 V (   0.125 mV)
  TEC3: 0.000000 V (   0.000 mV)  |  TEC4: 0.000016 V (   0.016 mV)
  TEC5: 0.000000 V (   0.000 mV)  |  TEC6: 0.000008 V (   0.008 mV)
  TEC7: 0.000000 V (   0.000 mV)  |  TEC8: 0.000008 V (   0.008 mV)

[0200] 2025-11-12 20:03:46
  TEC1: 0.000000 V (   0.000 mV)  |  TEC2: 0.000000 V (   0.000 mV)
  TEC3: 0.000008 V (   0.008 mV)  |  TEC4: 0.000008 V (   0.008 mV)
  TEC5: 0.000000 V (   0.000 mV)  |  TEC6: 0.000000 V (   0.000 mV)
  TEC7: 0.000000 V (   0.000 mV)  |  TEC8: 0.000008 V (   0.008 mV)

[0201] 2025-11-12 20:03:56
  TEC1: 0.000125 V (   0.125 mV)  |  TEC2: 0.000000 V (   0.000 mV)
  TEC3: 0.000008 V (   0.008 mV)  |  TEC4: 0.000016 V (   0.016 mV)
  TEC5: 0.000008 V (   0.008 mV)  |  TEC6: 0.000008 V (   0.008 mV)
  TEC7: 0.000000 V (   0.000 mV)  |  TEC8: 0.000000 V (   0.000 mV)

[0202] 2025-11-12 20:04:07
  TEC1: 0.000000 V (   0.000 mV)  |  TEC2: 0.000125 V (   0.125 mV)
  TEC3: 0.000008 V (   0.008 mV)  |  TEC4: 0.000008 V (   0.008 mV)
  TEC5: 0.000000 V (   0.000 mV)  |  TEC6: 0.000008 V (   0.008 mV)
  TEC7: 0.000016 V (   0.016 mV)  |  TEC8: 0.000000 V (   0.000 mV)

[0203] 2025-11-12 20:04:17
  TEC1: 0.000125 V (   0.125 mV)  |  TEC2: 0.000125 V (   0.125 mV)
  TEC3: 0.000008 V (   0.008 mV)  |  TEC4: 0.000008 V (   0.008 mV)
  TEC5: 0.000000 V (   0.000 mV)  |  TEC6: 0.000000 V (   0.000 mV)
  TEC7: 0.000008 V (   0.008 mV)  |  TEC8: 0.000000 V (   0.000 mV)

[0204] 2025-11-12 20:04:27
  TEC1: 0.000125 V (   0.125 mV)  |  TEC2: 0.000125 V (   0.125 mV)
  TEC3: 0.000000 V (   0.000 mV)  |  TEC4: 0.000008 V (   0.008 mV)
  TEC5: 0.000008 V (   0.008 mV)  |  TEC6: 0.000008 V (   0.008 mV)
  TEC7: 0.000000 V (   0.000 mV)  |  TEC8: 0.000000 V (   0.000 mV)

[0205] 2025-11-12 20:04:37
  TEC1: 0.000125 V (   0.125 mV)  |  TEC2: 0.000125 V (   0.125 mV)
  TEC3: 0.000000 V (   0.000 mV)  |  TEC4: 0.000008 V (   0.008 mV)
  TEC5: 0.000008 V (   0.008 mV)  |  TEC6: 0.000000 V (   0.000 mV)
  TEC7: 0.000008 V (   0.008 mV)  |  TEC8: 0.000000 V (   0.000 mV)

[0206] 2025-11-12 20:04:47
  TEC1: 0.000125 V (   0.125 mV)  |  TEC2: 0.000125 V (   0.125 mV)
  TEC3: 0.000008 V (   0.008 mV)  |  TEC4: 0.000008 V (   0.008 mV)
  TEC5: 0.000000 V (   0.000 mV)  |  TEC6: 0.000000 V (   0.000 mV)
  TEC7: 0.000000 V (   0.000 mV)  |  TEC8: 0.000008 V (   0.008 mV)

[0207] 2025-11-12 20:04:57
  TEC1: 0.000125 V (   0.125 mV)  |  TEC2: 0.000125 V (   0.125 mV)
  TEC3: 0.000000 V (   0.000 mV)  |  TEC4: 0.000008 V (   0.008 mV)
  TEC5: 0.000008 V (   0.008 mV)  |  TEC6: 0.000008 V (   0.008 mV)
  TEC7: 0.000008 V (   0.008 mV)  |  TEC8: 0.000000 V (   0.000 mV)

[0208] 2025-11-12 20:05:07
  TEC1: 0.000125 V (   0.125 mV)  |  TEC2: 0.000125 V (   0.125 mV)
  TEC3: 0.000008 V (   0.008 mV)  |  TEC4: 0.000008 V (   0.008 mV)
  TEC5: 0.000016 V (   0.016 mV)  |  TEC6: 0.000000 V (   0.000 mV)
  TEC7: 0.000000 V (   0.000 mV)  |  TEC8: 0.000000 V (   0.000 mV)

[0209] 2025-11-12 20:05:17
  TEC1: 0.000125 V (   0.125 mV)  |  TEC2: 0.000125 V (   0.125 mV)
  TEC3: 0.000016 V (   0.016 mV)  |  TEC4: 0.000008 V (   0.008 mV)
  TEC5: 0.000008 V (   0.008 mV)  |  TEC6: 0.000000 V (   0.000 mV)
  TEC7: 0.000016 V (   0.016 mV)  |  TEC8: 0.000000 V (   0.000 mV)

[0210] 2025-11-12 20:05:27
  TEC1: 0.000000 V (   0.000 mV)  |  TEC2: 0.000000 V (   0.000 mV)
  TEC3: 0.000000 V (   0.000 mV)  |  TEC4: 0.000016 V (   0.016 mV)
  TEC5: 0.000008 V (   0.008 mV)  |  TEC6: 0.000000 V (   0.000 mV)
  TEC7: 0.000000 V (   0.000 mV)  |  TEC8: 0.000008 V (   0.008 mV)

[0211] 2025-11-12 20:05:37
  TEC1: 0.000125 V (   0.125 mV)  |  TEC2: 0.000125 V (   0.125 mV)
  TEC3: 0.000008 V (   0.008 mV)  |  TEC4: 0.000008 V (   0.008 mV)
  TEC5: 0.000000 V (   0.000 mV)  |  TEC6: 0.000000 V (   0.000 mV)
  TEC7: 0.000008 V (   0.008 mV)  |  TEC8: 0.000000 V (   0.000 mV)

[0212] 2025-11-12 20:05:47
  TEC1: 0.000000 V (   0.000 mV)  |  TEC2: 0.000125 V (   0.125 mV)
  TEC3: 0.000000 V (   0.000 mV)  |  TEC4: 0.000008 V (   0.008 mV)
  TEC5: 0.000016 V (   0.016 mV)  |  TEC6: 0.000008 V (   0.008 mV)
  TEC7: 0.000000 V (   0.000 mV)  |  TEC8: 0.000000 V (   0.000 mV)

[0213] 2025-11-12 20:05:57
  TEC1: -0.000125 V (  -0.125 mV)  |  TEC2: 0.000000 V (   0.000 mV)
  TEC3: 0.000008 V (   0.008 mV)  |  TEC4: 0.000008 V (   0.008 mV)
  TEC5: 0.000000 V (   0.000 mV)  |  TEC6: 0.000000 V (   0.000 mV)
  TEC7: 0.000000 V (   0.000 mV)  |  TEC8: 0.000008 V (   0.008 mV)

[0214] 2025-11-12 20:06:07
  TEC1: 0.000000 V (   0.000 mV)  |  TEC2: 0.000000 V (   0.000 mV)
  TEC3: 0.000008 V (   0.008 mV)  |  TEC4: 0.000008 V (   0.008 mV)
  TEC5: 0.000000 V (   0.000 mV)  |  TEC6: 0.000000 V (   0.000 mV)
  TEC7: 0.000008 V (   0.008 mV)  |  TEC8: 0.000008 V (   0.008 mV)

[0215] 2025-11-12 20:06:18
  TEC1: 0.000000 V (   0.000 mV)  |  TEC2: 0.000000 V (   0.000 mV)
  TEC3: 0.000008 V (   0.008 mV)  |  TEC4: 0.000000 V (   0.000 mV)
  TEC5: 0.000008 V (   0.008 mV)  |  TEC6: 0.000008 V (   0.008 mV)
  TEC7: 0.000016 V (   0.016 mV)  |  TEC8: 0.000008 V (   0.008 mV)

[0216] 2025-11-12 20:06:28
  TEC1: 0.000000 V (   0.000 mV)  |  TEC2: 0.000000 V (   0.000 mV)
  TEC3: -0.000008 V (  -0.008 mV)  |  TEC4: 0.000008 V (   0.008 mV)
  TEC5: 0.000008 V (   0.008 mV)  |  TEC6: 0.000008 V (   0.008 mV)
  TEC7: 0.000008 V (   0.008 mV)  |  TEC8: 0.000000 V (   0.000 mV)

[0217] 2025-11-12 20:06:38
  TEC1: 0.000000 V (   0.000 mV)  |  TEC2: 0.000000 V (   0.000 mV)
  TEC3: 0.000008 V (   0.008 mV)  |  TEC4: 0.000008 V (   0.008 mV)
  TEC5: 0.000000 V (   0.000 mV)  |  TEC6: 0.000016 V (   0.016 mV)
  TEC7: 0.000000 V (   0.000 mV)  |  TEC8: 0.000000 V (   0.000 mV)

[0218] 2025-11-12 20:06:48
  TEC1: 0.000000 V (   0.000 mV)  |  TEC2: 0.000000 V (   0.000 mV)
  TEC3: 0.000000 V (   0.000 mV)  |  TEC4: 0.000008 V (   0.008 mV)
  TEC5: 0.000016 V (   0.016 mV)  |  TEC6: 0.000000 V (   0.000 mV)
  TEC7: 0.000008 V (   0.008 mV)  |  TEC8: 0.000000 V (   0.000 mV)

[0219] 2025-11-12 20:06:58
  TEC1: 0.000000 V (   0.000 mV)  |  TEC2: 0.000000 V (   0.000 mV)
  TEC3: 0.000008 V (   0.008 mV)  |  TEC4: 0.000016 V (   0.016 mV)
  TEC5: 0.000008 V (   0.008 mV)  |  TEC6: 0.000000 V (   0.000 mV)
  TEC7: 0.000008 V (   0.008 mV)  |  TEC8: 0.000000 V (   0.000 mV)

[0220] 2025-11-12 20:07:08
  TEC1: 0.000000 V (   0.000 mV)  |  TEC2: 0.000000 V (   0.000 mV)
  TEC3: 0.000000 V (   0.000 mV)  |  TEC4: 0.000008 V (   0.008 mV)
  TEC5: 0.000000 V (   0.000 mV)  |  TEC6: 0.000008 V (   0.008 mV)
  TEC7: 0.000000 V (   0.000 mV)  |  TEC8: 0.000008 V (   0.008 mV)

[0221] 2025-11-12 20:07:18
  TEC1: 0.000000 V (   0.000 mV)  |  TEC2: -0.000125 V (  -0.125 mV)
  TEC3: 0.000008 V (   0.008 mV)  |  TEC4: 0.000008 V (   0.008 mV)
  TEC5: 0.000000 V (   0.000 mV)  |  TEC6: 0.000008 V (   0.008 mV)
  TEC7: 0.000008 V (   0.008 mV)  |  TEC8: 0.000000 V (   0.000 mV)

[0222] 2025-11-12 20:07:28
  TEC1: 0.000000 V (   0.000 mV)  |  TEC2: 0.000000 V (   0.000 mV)
  TEC3: 0.000008 V (   0.008 mV)  |  TEC4: 0.000016 V (   0.016 mV)
  TEC5: 0.000008 V (   0.008 mV)  |  TEC6: 0.000000 V (   0.000 mV)
  TEC7: 0.000016 V (   0.016 mV)  |  TEC8: 0.000008 V (   0.008 mV)

[0223] 2025-11-12 20:07:38
  TEC1: 0.000000 V (   0.000 mV)  |  TEC2: 0.000000 V (   0.000 mV)
  TEC3: 0.000000 V (   0.000 mV)  |  TEC4: 0.000008 V (   0.008 mV)
  TEC5: 0.000008 V (   0.008 mV)  |  TEC6: 0.000008 V (   0.008 mV)
  TEC7: 0.000000 V (   0.000 mV)  |  TEC8: 0.000008 V (   0.008 mV)

[0224] 2025-11-12 20:07:48
  TEC1: 0.000000 V (   0.000 mV)  |  TEC2: -0.000125 V (  -0.125 mV)
  TEC3: 0.000000 V (   0.000 mV)  |  TEC4: 0.000008 V (   0.008 mV)
  TEC5: 0.000008 V (   0.008 mV)  |  TEC6: 0.000008 V (   0.008 mV)
  TEC7: 0.000000 V (   0.000 mV)  |  TEC8: 0.000008 V (   0.008 mV)

[0225] 2025-11-12 20:07:58
  TEC1: -0.000125 V (  -0.125 mV)  |  TEC2: -0.000125 V (  -0.125 mV)
  TEC3: 0.000008 V (   0.008 mV)  |  TEC4: 0.000016 V (   0.016 mV)
  TEC5: 0.000008 V (   0.008 mV)  |  TEC6: 0.000000 V (   0.000 mV)
  TEC7: 0.000000 V (   0.000 mV)  |  TEC8: 0.000008 V (   0.008 mV)

[0226] 2025-11-12 20:08:08
  TEC1: 0.000000 V (   0.000 mV)  |  TEC2: -0.000125 V (  -0.125 mV)
  TEC3: 0.000008 V (   0.008 mV)  |  TEC4: 0.000000 V (   0.000 mV)
  TEC5: 0.000000 V (   0.000 mV)  |  TEC6: 0.000000 V (   0.000 mV)
  TEC7: 0.000000 V (   0.000 mV)  |  TEC8: 0.000008 V (   0.008 mV)

[0227] 2025-11-12 20:08:18
  TEC1: -0.000125 V (  -0.125 mV)  |  TEC2: -0.000125 V (  -0.125 mV)
  TEC3: 0.000000 V (   0.000 mV)  |  TEC4: 0.000008 V (   0.008 mV)
  TEC5: 0.000000 V (   0.000 mV)  |  TEC6: 0.000000 V (   0.000 mV)
  TEC7: 0.000008 V (   0.008 mV)  |  TEC8: 0.000000 V (   0.000 mV)

[0228] 2025-11-12 20:08:29
  TEC1: 0.000000 V (   0.000 mV)  |  TEC2: 0.000000 V (   0.000 mV)
  TEC3: 0.000008 V (   0.008 mV)  |  TEC4: 0.000008 V (   0.008 mV)
  TEC5: 0.000008 V (   0.008 mV)  |  TEC6: 0.000008 V (   0.008 mV)
  TEC7: 0.000000 V (   0.000 mV)  |  TEC8: 0.000008 V (   0.008 mV)

[0229] 2025-11-12 20:08:39
  TEC1: 0.000000 V (   0.000 mV)  |  TEC2: 0.000000 V (   0.000 mV)
  TEC3: 0.000000 V (   0.000 mV)  |  TEC4: 0.000008 V (   0.008 mV)
  TEC5: 0.000000 V (   0.000 mV)  |  TEC6: 0.000008 V (   0.008 mV)
  TEC7: 0.000000 V (   0.000 mV)  |  TEC8: 0.000000 V (   0.000 mV)

[0230] 2025-11-12 20:08:49
  TEC1: 0.000000 V (   0.000 mV)  |  TEC2: 0.000000 V (   0.000 mV)
  TEC3: 0.000000 V (   0.000 mV)  |  TEC4: 0.000008 V (   0.008 mV)
  TEC5: 0.000000 V (   0.000 mV)  |  TEC6: 0.000008 V (   0.008 mV)
  TEC7: 0.000008 V (   0.008 mV)  |  TEC8: 0.000008 V (   0.008 mV)

[0231] 2025-11-12 20:08:59
  TEC1: 0.000000 V (   0.000 mV)  |  TEC2: -0.000125 V (  -0.125 mV)
  TEC3: 0.000008 V (   0.008 mV)  |  TEC4: 0.000008 V (   0.008 mV)
  TEC5: 0.000000 V (   0.000 mV)  |  TEC6: 0.000008 V (   0.008 mV)
  TEC7: 0.000000 V (   0.000 mV)  |  TEC8: 0.000000 V (   0.000 mV)

[0232] 2025-11-12 20:09:09
  TEC1: 0.000000 V (   0.000 mV)  |  TEC2: 0.000000 V (   0.000 mV)
  TEC3: 0.000000 V (   0.000 mV)  |  TEC4: 0.000008 V (   0.008 mV)
  TEC5: 0.000000 V (   0.000 mV)  |  TEC6: 0.000008 V (   0.008 mV)
  TEC7: 0.000000 V (   0.000 mV)  |  TEC8: 0.000016 V (   0.016 mV)

[0233] 2025-11-12 20:09:19
  TEC1: 0.000000 V (   0.000 mV)  |  TEC2: 0.000000 V (   0.000 mV)
  TEC3: 0.000000 V (   0.000 mV)  |  TEC4: 0.000008 V (   0.008 mV)
  TEC5: 0.000000 V (   0.000 mV)  |  TEC6: 0.000008 V (   0.008 mV)
  TEC7: -0.000008 V (  -0.008 mV)  |  TEC8: 0.000008 V (   0.008 mV)

[0234] 2025-11-12 20:09:29
  TEC1: 0.000000 V (   0.000 mV)  |  TEC2: 0.000000 V (   0.000 mV)
  TEC3: 0.000000 V (   0.000 mV)  |  TEC4: 0.000008 V (   0.008 mV)
  TEC5: 0.000000 V (   0.000 mV)  |  TEC6: 0.000000 V (   0.000 mV)
  TEC7: 0.000008 V (   0.008 mV)  |  TEC8: 0.000000 V (   0.000 mV)

[0235] 2025-11-12 20:09:39
  TEC1: 0.000000 V (   0.000 mV)  |  TEC2: 0.000000 V (   0.000 mV)
  TEC3: 0.000008 V (   0.008 mV)  |  TEC4: 0.000008 V (   0.008 mV)
  TEC5: 0.000000 V (   0.000 mV)  |  TEC6: 0.000000 V (   0.000 mV)
  TEC7: 0.000000 V (   0.000 mV)  |  TEC8: 0.000000 V (   0.000 mV)

[0236] 2025-11-12 20:09:49
  TEC1: 0.000000 V (   0.000 mV)  |  TEC2: 0.000000 V (   0.000 mV)
  TEC3: 0.000008 V (   0.008 mV)  |  TEC4: 0.000000 V (   0.000 mV)
  TEC5: 0.000000 V (   0.000 mV)  |  TEC6: 0.000008 V (   0.008 mV)
  TEC7: 0.000000 V (   0.000 mV)  |  TEC8: 0.000008 V (   0.008 mV)

[0237] 2025-11-12 20:09:59
  TEC1: -0.000125 V (  -0.125 mV)  |  TEC2: 0.000000 V (   0.000 mV)
  TEC3: 0.000008 V (   0.008 mV)  |  TEC4: 0.000008 V (   0.008 mV)
  TEC5: 0.000000 V (   0.000 mV)  |  TEC6: 0.000000 V (   0.000 mV)
  TEC7: 0.000016 V (   0.016 mV)  |  TEC8: 0.000000 V (   0.000 mV)

[0238] 2025-11-12 20:10:09
  TEC1: -0.000125 V (  -0.125 mV)  |  TEC2: -0.000125 V (  -0.125 mV)
  TEC3: 0.000000 V (   0.000 mV)  |  TEC4: 0.000008 V (   0.008 mV)
  TEC5: 0.000000 V (   0.000 mV)  |  TEC6: 0.000000 V (   0.000 mV)
  TEC7: 0.000008 V (   0.008 mV)  |  TEC8: 0.000000 V (   0.000 mV)

[0239] 2025-11-12 20:10:19
  TEC1: -0.000125 V (  -0.125 mV)  |  TEC2: -0.000125 V (  -0.125 mV)
  TEC3: 0.000000 V (   0.000 mV)  |  TEC4: 0.000008 V (   0.008 mV)
  TEC5: 0.000008 V (   0.008 mV)  |  TEC6: 0.000008 V (   0.008 mV)
  TEC7: 0.000016 V (   0.016 mV)  |  TEC8: 0.000000 V (   0.000 mV)

[0240] 2025-11-12 20:10:29
  TEC1: -0.000125 V (  -0.125 mV)  |  TEC2: -0.000125 V (  -0.125 mV)
  TEC3: 0.000000 V (   0.000 mV)  |  TEC4: 0.000008 V (   0.008 mV)
  TEC5: 0.000000 V (   0.000 mV)  |  TEC6: 0.000008 V (   0.008 mV)
  TEC7: 0.000008 V (   0.008 mV)  |  TEC8: 0.000008 V (   0.008 mV)

[0241] 2025-11-12 20:10:40
  TEC1: -0.000125 V (  -0.125 mV)  |  TEC2: 0.000000 V (   0.000 mV)
  TEC3: 0.000008 V (   0.008 mV)  |  TEC4: 0.000016 V (   0.016 mV)
  TEC5: 0.000008 V (   0.008 mV)  |  TEC6: 0.000000 V (   0.000 mV)
  TEC7: 0.000000 V (   0.000 mV)  |  TEC8: 0.000000 V (   0.000 mV)

[0242] 2025-11-12 20:10:50
  TEC1: 0.000000 V (   0.000 mV)  |  TEC2: 0.000000 V (   0.000 mV)
  TEC3: 0.000000 V (   0.000 mV)  |  TEC4: 0.000008 V (   0.008 mV)
  TEC5: 0.000000 V (   0.000 mV)  |  TEC6: 0.000008 V (   0.008 mV)
  TEC7: 0.000008 V (   0.008 mV)  |  TEC8: 0.000008 V (   0.008 mV)

[0243] 2025-11-12 20:11:00
  TEC1: 0.000000 V (   0.000 mV)  |  TEC2: 0.000000 V (   0.000 mV)
  TEC3: 0.000008 V (   0.008 mV)  |  TEC4: 0.000008 V (   0.008 mV)
  TEC5: 0.000008 V (   0.008 mV)  |  TEC6: 0.000008 V (   0.008 mV)
  TEC7: 0.000008 V (   0.008 mV)  |  TEC8: 0.000000 V (   0.000 mV)

[0244] 2025-11-12 20:11:10
  TEC1: 0.000000 V (   0.000 mV)  |  TEC2: 0.000000 V (   0.000 mV)
  TEC3: 0.000000 V (   0.000 mV)  |  TEC4: 0.000016 V (   0.016 mV)
  TEC5: 0.000000 V (   0.000 mV)  |  TEC6: 0.000000 V (   0.000 mV)
  TEC7: -0.000008 V (  -0.008 mV)  |  TEC8: 0.000008 V (   0.008 mV)

[0245] 2025-11-12 20:11:20
  TEC1: 0.000000 V (   0.000 mV)  |  TEC2: 0.000000 V (   0.000 mV)
  TEC3: 0.000008 V (   0.008 mV)  |  TEC4: 0.000008 V (   0.008 mV)
  TEC5: 0.000000 V (   0.000 mV)  |  TEC6: 0.000000 V (   0.000 mV)
  TEC7: 0.000008 V (   0.008 mV)  |  TEC8: 0.000000 V (   0.000 mV)

[0246] 2025-11-12 20:11:30
  TEC1: 0.000000 V (   0.000 mV)  |  TEC2: 0.000000 V (   0.000 mV)
  TEC3: 0.000008 V (   0.008 mV)  |  TEC4: 0.000008 V (   0.008 mV)
  TEC5: 0.000000 V (   0.000 mV)  |  TEC6: 0.000000 V (   0.000 mV)
  TEC7: 0.000016 V (   0.016 mV)  |  TEC8: 0.000008 V (   0.008 mV)

[0247] 2025-11-12 20:11:40
  TEC1: 0.000000 V (   0.000 mV)  |  TEC2: 0.000000 V (   0.000 mV)
  TEC3: 0.000000 V (   0.000 mV)  |  TEC4: 0.000008 V (   0.008 mV)
  TEC5: 0.000000 V (   0.000 mV)  |  TEC6: 0.000000 V (   0.000 mV)
  TEC7: 0.000000 V (   0.000 mV)  |  TEC8: 0.000000 V (   0.000 mV)

[0248] 2025-11-12 20:11:50
  TEC1: 0.000000 V (   0.000 mV)  |  TEC2: 0.000000 V (   0.000 mV)
  TEC3: 0.000000 V (   0.000 mV)  |  TEC4: 0.000008 V (   0.008 mV)
  TEC5: 0.000000 V (   0.000 mV)  |  TEC6: 0.000000 V (   0.000 mV)
  TEC7: -0.000008 V (  -0.008 mV)  |  TEC8: 0.000000 V (   0.000 mV)

[0249] 2025-11-12 20:12:00
  TEC1: 0.000125 V (   0.125 mV)  |  TEC2: -0.000125 V (  -0.125 mV)
  TEC3: 0.000000 V (   0.000 mV)  |  TEC4: 0.000008 V (   0.008 mV)
  TEC5: 0.000000 V (   0.000 mV)  |  TEC6: 0.000008 V (   0.008 mV)
  TEC7: 0.000000 V (   0.000 mV)  |  TEC8: 0.000008 V (   0.008 mV)

[0250] 2025-11-12 20:12:10
  TEC1: 0.000125 V (   0.125 mV)  |  TEC2: 0.000000 V (   0.000 mV)
  TEC3: 0.000008 V (   0.008 mV)  |  TEC4: 0.000008 V (   0.008 mV)
  TEC5: 0.000008 V (   0.008 mV)  |  TEC6: 0.000000 V (   0.000 mV)
  TEC7: 0.000000 V (   0.000 mV)  |  TEC8: 0.000008 V (   0.008 mV)

[0251] 2025-11-12 20:12:20
  TEC1: 0.000000 V (   0.000 mV)  |  TEC2: -0.000125 V (  -0.125 mV)
  TEC3: 0.000008 V (   0.008 mV)  |  TEC4: 0.000000 V (   0.000 mV)
  TEC5: 0.000000 V (   0.000 mV)  |  TEC6: 0.000008 V (   0.008 mV)
  TEC7: 0.000008 V (   0.008 mV)  |  TEC8: 0.000000 V (   0.000 mV)

[0252] 2025-11-12 20:12:30
  TEC1: 0.000000 V (   0.000 mV)  |  TEC2: -0.000125 V (  -0.125 mV)
  TEC3: 0.000008 V (   0.008 mV)  |  TEC4: 0.000000 V (   0.000 mV)
  TEC5: 0.000008 V (   0.008 mV)  |  TEC6: 0.000000 V (   0.000 mV)
  TEC7: 0.000008 V (   0.008 mV)  |  TEC8: 0.000000 V (   0.000 mV)

[0253] 2025-11-12 20:12:40
  TEC1: 0.000125 V (   0.125 mV)  |  TEC2: 0.000000 V (   0.000 mV)
  TEC3: 0.000000 V (   0.000 mV)  |  TEC4: 0.000008 V (   0.008 mV)
  TEC5: 0.000008 V (   0.008 mV)  |  TEC6: 0.000000 V (   0.000 mV)
  TEC7: 0.000000 V (   0.000 mV)  |  TEC8: 0.000000 V (   0.000 mV)

[0254] 2025-11-12 20:12:51
  TEC1: 0.000250 V (   0.250 mV)  |  TEC2: 0.000000 V (   0.000 mV)
  TEC3: 0.000000 V (   0.000 mV)  |  TEC4: 0.000000 V (   0.000 mV)
  TEC5: 0.000000 V (   0.000 mV)  |  TEC6: 0.000008 V (   0.008 mV)
  TEC7: 0.000008 V (   0.008 mV)  |  TEC8: 0.000000 V (   0.000 mV)

[0255] 2025-11-12 20:13:01
  TEC1: 0.000250 V (   0.250 mV)  |  TEC2: 0.000000 V (   0.000 mV)
  TEC3: 0.000000 V (   0.000 mV)  |  TEC4: 0.000008 V (   0.008 mV)
  TEC5: 0.000008 V (   0.008 mV)  |  TEC6: 0.000000 V (   0.000 mV)
  TEC7: 0.000000 V (   0.000 mV)  |  TEC8: 0.000008 V (   0.008 mV)

[0256] 2025-11-12 20:13:11
  TEC1: 0.000250 V (   0.250 mV)  |  TEC2: 0.000000 V (   0.000 mV)
  TEC3: 0.000000 V (   0.000 mV)  |  TEC4: 0.000008 V (   0.008 mV)
  TEC5: 0.000000 V (   0.000 mV)  |  TEC6: 0.000008 V (   0.008 mV)
  TEC7: 0.000000 V (   0.000 mV)  |  TEC8: 0.000000 V (   0.000 mV)

[0257] 2025-11-12 20:13:21
  TEC1: 0.000375 V (   0.375 mV)  |  TEC2: -0.000125 V (  -0.125 mV)
  TEC3: 0.000000 V (   0.000 mV)  |  TEC4: 0.000008 V (   0.008 mV)
  TEC5: 0.000008 V (   0.008 mV)  |  TEC6: 0.000000 V (   0.000 mV)
  TEC7: 0.000008 V (   0.008 mV)  |  TEC8: 0.000000 V (   0.000 mV)

[0258] 2025-11-12 20:13:31
  TEC1: 0.000375 V (   0.375 mV)  |  TEC2: 0.000000 V (   0.000 mV)
  TEC3: 0.000000 V (   0.000 mV)  |  TEC4: 0.000008 V (   0.008 mV)
  TEC5: 0.000000 V (   0.000 mV)  |  TEC6: 0.000000 V (   0.000 mV)
  TEC7: 0.000008 V (   0.008 mV)  |  TEC8: 0.000000 V (   0.000 mV)

[0259] 2025-11-12 20:13:41
  TEC1: 0.000500 V (   0.500 mV)  |  TEC2: -0.000125 V (  -0.125 mV)
  TEC3: 0.000008 V (   0.008 mV)  |  TEC4: 0.000008 V (   0.008 mV)
  TEC5: 0.000000 V (   0.000 mV)  |  TEC6: 0.000000 V (   0.000 mV)
  TEC7: 0.000000 V (   0.000 mV)  |  TEC8: 0.000008 V (   0.008 mV)

[0260] 2025-11-12 20:13:51
  TEC1: 0.000500 V (   0.500 mV)  |  TEC2: -0.000125 V (  -0.125 mV)
  TEC3: 0.000000 V (   0.000 mV)  |  TEC4: 0.000008 V (   0.008 mV)
  TEC5: 0.000000 V (   0.000 mV)  |  TEC6: 0.000008 V (   0.008 mV)
  TEC7: 0.000008 V (   0.008 mV)  |  TEC8: 0.000008 V (   0.008 mV)

[0261] 2025-11-12 20:14:01
  TEC1: 0.000250 V (   0.250 mV)  |  TEC2: -0.000125 V (  -0.125 mV)
  TEC3: 0.000008 V (   0.008 mV)  |  TEC4: 0.000008 V (   0.008 mV)
  TEC5: 0.000008 V (   0.008 mV)  |  TEC6: 0.000008 V (   0.008 mV)
  TEC7: 0.000000 V (   0.000 mV)  |  TEC8: 0.000000 V (   0.000 mV)

[0262] 2025-11-12 20:14:11
  TEC1: 0.000125 V (   0.125 mV)  |  TEC2: 0.000000 V (   0.000 mV)
  TEC3: 0.000000 V (   0.000 mV)  |  TEC4: 0.000008 V (   0.008 mV)
  TEC5: -0.000008 V (  -0.008 mV)  |  TEC6: 0.000008 V (   0.008 mV)
  TEC7: 0.000008 V (   0.008 mV)  |  TEC8: 0.000008 V (   0.008 mV)

[0263] 2025-11-12 20:14:21
  TEC1: 0.000250 V (   0.250 mV)  |  TEC2: 0.000000 V (   0.000 mV)
  TEC3: 0.000008 V (   0.008 mV)  |  TEC4: 0.000008 V (   0.008 mV)
  TEC5: 0.000008 V (   0.008 mV)  |  TEC6: 0.000000 V (   0.000 mV)
  TEC7: 0.000008 V (   0.008 mV)  |  TEC8: 0.000008 V (   0.008 mV)

[0264] 2025-11-12 20:14:31
  TEC1: 0.000125 V (   0.125 mV)  |  TEC2: 0.000000 V (   0.000 mV)
  TEC3: 0.000000 V (   0.000 mV)  |  TEC4: 0.000008 V (   0.008 mV)
  TEC5: 0.000000 V (   0.000 mV)  |  TEC6: 0.000000 V (   0.000 mV)
  TEC7: 0.000008 V (   0.008 mV)  |  TEC8: 0.000016 V (   0.016 mV)

[0265] 2025-11-12 20:14:41
  TEC1: 0.000125 V (   0.125 mV)  |  TEC2: 0.000000 V (   0.000 mV)
  TEC3: 0.000000 V (   0.000 mV)  |  TEC4: 0.000008 V (   0.008 mV)
  TEC5: 0.000008 V (   0.008 mV)  |  TEC6: 0.000008 V (   0.008 mV)
  TEC7: 0.000000 V (   0.000 mV)  |  TEC8: 0.000000 V (   0.000 mV)

[0266] 2025-11-12 20:14:52
  TEC1: 0.000125 V (   0.125 mV)  |  TEC2: -0.000125 V (  -0.125 mV)
  TEC3: 0.000008 V (   0.008 mV)  |  TEC4: 0.000008 V (   0.008 mV)
  TEC5: 0.000000 V (   0.000 mV)  |  TEC6: 0.000000 V (   0.000 mV)
  TEC7: 0.000008 V (   0.008 mV)  |  TEC8: 0.000000 V (   0.000 mV)

[0267] 2025-11-12 20:15:02
  TEC1: 0.000125 V (   0.125 mV)  |  TEC2: 0.000000 V (   0.000 mV)
  TEC3: 0.000008 V (   0.008 mV)  |  TEC4: 0.000000 V (   0.000 mV)
  TEC5: 0.000000 V (   0.000 mV)  |  TEC6: 0.000000 V (   0.000 mV)
  TEC7: 0.000016 V (   0.016 mV)  |  TEC8: 0.000000 V (   0.000 mV)

[0268] 2025-11-12 20:15:12
  TEC1: 0.000125 V (   0.125 mV)  |  TEC2: 0.000000 V (   0.000 mV)
  TEC3: 0.000000 V (   0.000 mV)  |  TEC4: 0.000008 V (   0.008 mV)
  TEC5: 0.000000 V (   0.000 mV)  |  TEC6: 0.000000 V (   0.000 mV)
  TEC7: 0.000008 V (   0.008 mV)  |  TEC8: 0.000008 V (   0.008 mV)


================================================================================
数据采集已停止
总共采集了 268 个样本
数据已保存至: data.csv
================================================================================
