======================= [2025-11-13 22:03:05.546843] Program started ========================
================================================================================
完整4个ADS1115数据采集系统
================================================================================
采集间隔: 1秒
数据文件: TEC_data_20251113_220305.csv
采集通道: 8个TEC芯片
  ADS1115 #1 (0x48): TEC1 (A0-A1), TEC2 (A2-A3)
  ADS1115 #2 (0x49): TEC3 (A0-A1), TEC4 (A2-A3)
  ADS1115 #3 (0x4A): TEC5 (A0-A1), TEC6 (A2-A3)
  ADS1115 #4 (0x4B): TEC7 (A0-A1), TEC8 (A2-A3)
按Ctrl+C停止采集
================================================================================
ADS1 初始化成功，地址: 0x48
ADS2 初始化成功，地址: 0x49
ADS3 初始化成功，地址: 0x4A
ADS4 初始化成功，地址: 0x4B

CSV文件已初始化: TEC_data_20251113_220305.csv

开始采集数据...

[0001] 2025-11-13 22:03:06
  TEC1: 0.000000 V (   0.000 mV)  |  TEC2: 0.000250 V (   0.250 mV)
  TEC3: 0.000000 V (   0.000 mV)  |  TEC4: 0.000000 V (   0.000 mV)
  TEC5: 0.000000 V (   0.000 mV)  |  TEC6: 0.000000 V (   0.000 mV)
  TEC7: 0.000000 V (   0.000 mV)  |  TEC8: 0.000016 V (   0.016 mV)

[0002] 2025-11-13 22:03:07
  TEC1: 0.000000 V (   0.000 mV)  |  TEC2: 0.000250 V (   0.250 mV)
  TEC3: 0.000000 V (   0.000 mV)  |  TEC4: 0.000000 V (   0.000 mV)
  TEC5: 0.000000 V (   0.000 mV)  |  TEC6: 0.000008 V (   0.008 mV)
  TEC7: 0.000000 V (   0.000 mV)  |  TEC8: 0.000008 V (   0.008 mV)

[0003] 2025-11-13 22:03:08
  TEC1: 0.000000 V (   0.000 mV)  |  TEC2: 0.000250 V (   0.250 mV)
  TEC3: 0.000008 V (   0.008 mV)  |  TEC4: 0.000008 V (   0.008 mV)
  TEC5: -0.000008 V (  -0.008 mV)  |  TEC6: 0.000008 V (   0.008 mV)
  TEC7: 0.000008 V (   0.008 mV)  |  TEC8: 0.000008 V (   0.008 mV)

[0004] 2025-11-13 22:03:09
  TEC1: 0.000000 V (   0.000 mV)  |  TEC2: 0.000250 V (   0.250 mV)
  TEC3: 0.000008 V (   0.008 mV)  |  TEC4: 0.000008 V (   0.008 mV)
  TEC5: 0.000008 V (   0.008 mV)  |  TEC6: 0.000000 V (   0.000 mV)
  TEC7: 0.000008 V (   0.008 mV)  |  TEC8: 0.000000 V (   0.000 mV)

[0005] 2025-11-13 22:03:10
  TEC1: 0.000000 V (   0.000 mV)  |  TEC2: 0.000250 V (   0.250 mV)
  TEC3: 0.000000 V (   0.000 mV)  |  TEC4: 0.000016 V (   0.016 mV)
  TEC5: 0.000008 V (   0.008 mV)  |  TEC6: 0.000008 V (   0.008 mV)
  TEC7: 0.000008 V (   0.008 mV)  |  TEC8: 0.000000 V (   0.000 mV)

[0006] 2025-11-13 22:03:11
  TEC1: 0.000000 V (   0.000 mV)  |  TEC2: 0.000250 V (   0.250 mV)
  TEC3: 0.000008 V (   0.008 mV)  |  TEC4: 0.000008 V (   0.008 mV)
  TEC5: 0.000000 V (   0.000 mV)  |  TEC6: 0.000000 V (   0.000 mV)
  TEC7: 0.000008 V (   0.008 mV)  |  TEC8: 0.000008 V (   0.008 mV)

[0007] 2025-11-13 22:03:12
  TEC1: 0.000000 V (   0.000 mV)  |  TEC2: 0.000125 V (   0.125 mV)
  TEC3: 0.000000 V (   0.000 mV)  |  TEC4: 0.000008 V (   0.008 mV)
  TEC5: 0.000000 V (   0.000 mV)  |  TEC6: 0.000008 V (   0.008 mV)
  TEC7: 0.000008 V (   0.008 mV)  |  TEC8: 0.000000 V (   0.000 mV)

[0008] 2025-11-13 22:03:13
  TEC1: 0.000000 V (   0.000 mV)  |  TEC2: 0.000125 V (   0.125 mV)
  TEC3: 0.000000 V (   0.000 mV)  |  TEC4: 0.000008 V (   0.008 mV)
  TEC5: 0.000008 V (   0.008 mV)  |  TEC6: 0.000000 V (   0.000 mV)
  TEC7: 0.000000 V (   0.000 mV)  |  TEC8: 0.000008 V (   0.008 mV)

[0009] 2025-11-13 22:03:14
  TEC1: 0.000000 V (   0.000 mV)  |  TEC2: 0.000125 V (   0.125 mV)
  TEC3: 0.000008 V (   0.008 mV)  |  TEC4: 0.000008 V (   0.008 mV)
  TEC5: 0.000000 V (   0.000 mV)  |  TEC6: 0.000008 V (   0.008 mV)
  TEC7: 0.000000 V (   0.000 mV)  |  TEC8: 0.000000 V (   0.000 mV)

[0010] 2025-11-13 22:03:15
  TEC1: 0.000000 V (   0.000 mV)  |  TEC2: 0.000125 V (   0.125 mV)
  TEC3: 0.000000 V (   0.000 mV)  |  TEC4: 0.000016 V (   0.016 mV)
  TEC5: 0.000000 V (   0.000 mV)  |  TEC6: 0.000008 V (   0.008 mV)
  TEC7: 0.000008 V (   0.008 mV)  |  TEC8: 0.000008 V (   0.008 mV)


================================================================================
数据采集已停止
总共采集了 10 个样本
数据已保存至: TEC_data_20251113_220305.csv
================================================================================
